[2025-05-18T02:14:14.973+0000] {logging_mixin.py:188} INFO - Changing /opt/airflow/logs/dag_id=etl_dimensional_model/run_id=manual__2025-05-18T02:13:56.499604+00:00/task_id=populate_dimensional_model permission to 509
[2025-05-18T02:14:14.973+0000] {logging_mixin.py:188} INFO - Failed to change /opt/airflow/logs/dag_id=etl_dimensional_model/run_id=manual__2025-05-18T02:13:56.499604+00:00/task_id=populate_dimensional_model permission to 509: [Errno 1] Operation not permitted: '/opt/airflow/logs/dag_id=etl_dimensional_model/run_id=manual__2025-05-18T02:13:56.499604+00:00/task_id=populate_dimensional_model'
[2025-05-18T02:14:14.995+0000] {logging_mixin.py:188} INFO - Changing /opt/airflow/logs/dag_id=etl_dimensional_model/run_id=manual__2025-05-18T02:13:56.499604+00:00/task_id=populate_dimensional_model permission to 509
[2025-05-18T02:14:14.996+0000] {logging_mixin.py:188} INFO - Failed to change /opt/airflow/logs/dag_id=etl_dimensional_model/run_id=manual__2025-05-18T02:13:56.499604+00:00/task_id=populate_dimensional_model permission to 509: [Errno 1] Operation not permitted: '/opt/airflow/logs/dag_id=etl_dimensional_model/run_id=manual__2025-05-18T02:13:56.499604+00:00/task_id=populate_dimensional_model'
[2025-05-18T02:14:15.027+0000] {taskinstance.py:1957} INFO - Dependencies all met for dep_context=non-requeueable deps ti=<TaskInstance: etl_dimensional_model.populate_dimensional_model manual__2025-05-18T02:13:56.499604+00:00 [queued]>
[2025-05-18T02:14:15.033+0000] {taskinstance.py:1957} INFO - Dependencies all met for dep_context=requeueable deps ti=<TaskInstance: etl_dimensional_model.populate_dimensional_model manual__2025-05-18T02:13:56.499604+00:00 [queued]>
[2025-05-18T02:14:15.034+0000] {taskinstance.py:2171} INFO - Starting attempt 1 of 1
[2025-05-18T02:14:15.044+0000] {taskinstance.py:2192} INFO - Executing <Task(PythonOperator): populate_dimensional_model> on 2025-05-18 02:13:56.499604+00:00
[2025-05-18T02:14:15.049+0000] {standard_task_runner.py:60} INFO - Started process 224 to run task
[2025-05-18T02:14:15.051+0000] {standard_task_runner.py:87} INFO - Running: ['airflow', 'tasks', 'run', 'etl_dimensional_model', 'populate_dimensional_model', 'manual__2025-05-18T02:13:56.499604+00:00', '--job-id', '7', '--raw', '--subdir', 'DAGS_FOLDER/etl_load_postgres_dag.py', '--cfg-path', '/tmp/tmp3j4jx92u']
[2025-05-18T02:14:15.053+0000] {standard_task_runner.py:88} INFO - Job 7: Subtask populate_dimensional_model
[2025-05-18T02:14:15.090+0000] {logging_mixin.py:188} INFO - Changing /opt/airflow/logs/dag_id=etl_dimensional_model/run_id=manual__2025-05-18T02:13:56.499604+00:00/task_id=populate_dimensional_model permission to 509
[2025-05-18T02:14:15.091+0000] {logging_mixin.py:188} INFO - Failed to change /opt/airflow/logs/dag_id=etl_dimensional_model/run_id=manual__2025-05-18T02:13:56.499604+00:00/task_id=populate_dimensional_model permission to 509: [Errno 1] Operation not permitted: '/opt/airflow/logs/dag_id=etl_dimensional_model/run_id=manual__2025-05-18T02:13:56.499604+00:00/task_id=populate_dimensional_model'
[2025-05-18T02:14:15.092+0000] {task_command.py:423} INFO - Running <TaskInstance: etl_dimensional_model.populate_dimensional_model manual__2025-05-18T02:13:56.499604+00:00 [running]> on host e585b0b3ab09
[2025-05-18T02:14:15.278+0000] {taskinstance.py:2481} INFO - Exporting env vars: AIRFLOW_CTX_DAG_OWNER='airflow' AIRFLOW_CTX_DAG_ID='etl_dimensional_model' AIRFLOW_CTX_TASK_ID='populate_dimensional_model' AIRFLOW_CTX_EXECUTION_DATE='2025-05-18T02:13:56.499604+00:00' AIRFLOW_CTX_TRY_NUMBER='1' AIRFLOW_CTX_DAG_RUN_ID='manual__2025-05-18T02:13:56.499604+00:00'
[2025-05-18T02:14:19.080+0000] {taskinstance.py:2699} ERROR - Task failed with exception
Traceback (most recent call last):
  File "/home/airflow/.local/lib/python3.8/site-packages/airflow/models/taskinstance.py", line 433, in _execute_task
    result = execute_callable(context=context, **execute_callable_kwargs)
  File "/home/airflow/.local/lib/python3.8/site-packages/airflow/operators/python.py", line 199, in execute
    return_value = self.execute_callable()
  File "/home/airflow/.local/lib/python3.8/site-packages/airflow/operators/python.py", line 216, in execute_callable
    return self.python_callable(*self.op_args, **self.op_kwargs)
  File "/opt/airflow/dags/etl_load_postgres_dag.py", line 110, in populate_dimensional_model
    cur.execute("""
psycopg2.errors.DatatypeMismatch: column "air_pollution_exposure" is of type boolean but expression is of type double precision
LINE 9:             ) VALUES (80, true, 30, 29, false, 'NaN'::float,...
                                                       ^
HINT:  You will need to rewrite or cast the expression.

[2025-05-18T02:14:19.091+0000] {taskinstance.py:1138} INFO - Marking task as FAILED. dag_id=etl_dimensional_model, task_id=populate_dimensional_model, execution_date=20250518T021356, start_date=20250518T021415, end_date=20250518T021419
[2025-05-18T02:14:19.101+0000] {standard_task_runner.py:107} ERROR - Failed to execute job 7 for task populate_dimensional_model (column "air_pollution_exposure" is of type boolean but expression is of type double precision
LINE 9:             ) VALUES (80, true, 30, 29, false, 'NaN'::float,...
                                                       ^
HINT:  You will need to rewrite or cast the expression.
; 224)
[2025-05-18T02:14:19.152+0000] {local_task_job_runner.py:234} INFO - Task exited with return code 1
[2025-05-18T02:14:19.167+0000] {taskinstance.py:3281} INFO - 0 downstream tasks scheduled from follow-on schedule check
