[2025-05-22T00:00:00.969+0000] {processor.py:157} INFO - Started process (PID=742) to work on /opt/airflow/dags/etl_load_postgres_dag.py
[2025-05-22T00:00:00.970+0000] {processor.py:829} INFO - Processing file /opt/airflow/dags/etl_load_postgres_dag.py for tasks to queue
[2025-05-22T00:00:00.970+0000] {logging_mixin.py:154} INFO - [2025-05-22T00:00:00.970+0000] {dagbag.py:536} INFO - Filling up the DagBag from /opt/airflow/dags/etl_load_postgres_dag.py
[2025-05-22T00:00:01.181+0000] {processor.py:839} INFO - DAG(s) dict_keys(['etl_dimensional_model']) retrieved from /opt/airflow/dags/etl_load_postgres_dag.py
[2025-05-22T00:00:01.200+0000] {logging_mixin.py:154} INFO - [2025-05-22T00:00:01.199+0000] {dag.py:2941} INFO - Sync 1 DAGs
[2025-05-22T00:00:01.210+0000] {logging_mixin.py:154} INFO - [2025-05-22T00:00:01.210+0000] {dag.py:3722} INFO - Setting next_dagrun for etl_dimensional_model to None, run_after=None
[2025-05-22T00:00:01.223+0000] {processor.py:179} INFO - Processing /opt/airflow/dags/etl_load_postgres_dag.py took 0.257 seconds
[2025-05-22T00:00:31.400+0000] {processor.py:157} INFO - Started process (PID=748) to work on /opt/airflow/dags/etl_load_postgres_dag.py
[2025-05-22T00:00:31.401+0000] {processor.py:829} INFO - Processing file /opt/airflow/dags/etl_load_postgres_dag.py for tasks to queue
[2025-05-22T00:00:31.402+0000] {logging_mixin.py:154} INFO - [2025-05-22T00:00:31.401+0000] {dagbag.py:536} INFO - Filling up the DagBag from /opt/airflow/dags/etl_load_postgres_dag.py
[2025-05-22T00:00:31.614+0000] {processor.py:839} INFO - DAG(s) dict_keys(['etl_dimensional_model']) retrieved from /opt/airflow/dags/etl_load_postgres_dag.py
[2025-05-22T00:00:31.634+0000] {logging_mixin.py:154} INFO - [2025-05-22T00:00:31.633+0000] {dag.py:2941} INFO - Sync 1 DAGs
[2025-05-22T00:00:31.643+0000] {logging_mixin.py:154} INFO - [2025-05-22T00:00:31.643+0000] {dag.py:3722} INFO - Setting next_dagrun for etl_dimensional_model to None, run_after=None
[2025-05-22T00:00:31.657+0000] {processor.py:179} INFO - Processing /opt/airflow/dags/etl_load_postgres_dag.py took 0.259 seconds
[2025-05-22T00:01:01.830+0000] {processor.py:157} INFO - Started process (PID=754) to work on /opt/airflow/dags/etl_load_postgres_dag.py
[2025-05-22T00:01:01.831+0000] {processor.py:829} INFO - Processing file /opt/airflow/dags/etl_load_postgres_dag.py for tasks to queue
[2025-05-22T00:01:01.831+0000] {logging_mixin.py:154} INFO - [2025-05-22T00:01:01.831+0000] {dagbag.py:536} INFO - Filling up the DagBag from /opt/airflow/dags/etl_load_postgres_dag.py
[2025-05-22T00:01:02.040+0000] {processor.py:839} INFO - DAG(s) dict_keys(['etl_dimensional_model']) retrieved from /opt/airflow/dags/etl_load_postgres_dag.py
[2025-05-22T00:01:02.061+0000] {logging_mixin.py:154} INFO - [2025-05-22T00:01:02.061+0000] {dag.py:2941} INFO - Sync 1 DAGs
[2025-05-22T00:01:02.072+0000] {logging_mixin.py:154} INFO - [2025-05-22T00:01:02.072+0000] {dag.py:3722} INFO - Setting next_dagrun for etl_dimensional_model to None, run_after=None
[2025-05-22T00:01:02.086+0000] {processor.py:179} INFO - Processing /opt/airflow/dags/etl_load_postgres_dag.py took 0.258 seconds
[2025-05-22T00:01:32.216+0000] {processor.py:157} INFO - Started process (PID=760) to work on /opt/airflow/dags/etl_load_postgres_dag.py
[2025-05-22T00:01:32.216+0000] {processor.py:829} INFO - Processing file /opt/airflow/dags/etl_load_postgres_dag.py for tasks to queue
[2025-05-22T00:01:32.217+0000] {logging_mixin.py:154} INFO - [2025-05-22T00:01:32.217+0000] {dagbag.py:536} INFO - Filling up the DagBag from /opt/airflow/dags/etl_load_postgres_dag.py
[2025-05-22T00:01:32.428+0000] {processor.py:839} INFO - DAG(s) dict_keys(['etl_dimensional_model']) retrieved from /opt/airflow/dags/etl_load_postgres_dag.py
[2025-05-22T00:01:32.452+0000] {logging_mixin.py:154} INFO - [2025-05-22T00:01:32.452+0000] {dag.py:2941} INFO - Sync 1 DAGs
[2025-05-22T00:01:32.463+0000] {logging_mixin.py:154} INFO - [2025-05-22T00:01:32.463+0000] {dag.py:3722} INFO - Setting next_dagrun for etl_dimensional_model to None, run_after=None
[2025-05-22T00:01:32.477+0000] {processor.py:179} INFO - Processing /opt/airflow/dags/etl_load_postgres_dag.py took 0.264 seconds
[2025-05-22T00:02:02.656+0000] {processor.py:157} INFO - Started process (PID=766) to work on /opt/airflow/dags/etl_load_postgres_dag.py
[2025-05-22T00:02:02.657+0000] {processor.py:829} INFO - Processing file /opt/airflow/dags/etl_load_postgres_dag.py for tasks to queue
[2025-05-22T00:02:02.657+0000] {logging_mixin.py:154} INFO - [2025-05-22T00:02:02.657+0000] {dagbag.py:536} INFO - Filling up the DagBag from /opt/airflow/dags/etl_load_postgres_dag.py
[2025-05-22T00:02:02.864+0000] {processor.py:839} INFO - DAG(s) dict_keys(['etl_dimensional_model']) retrieved from /opt/airflow/dags/etl_load_postgres_dag.py
[2025-05-22T00:02:02.884+0000] {logging_mixin.py:154} INFO - [2025-05-22T00:02:02.884+0000] {dag.py:2941} INFO - Sync 1 DAGs
[2025-05-22T00:02:02.894+0000] {logging_mixin.py:154} INFO - [2025-05-22T00:02:02.894+0000] {dag.py:3722} INFO - Setting next_dagrun for etl_dimensional_model to None, run_after=None
[2025-05-22T00:02:02.907+0000] {processor.py:179} INFO - Processing /opt/airflow/dags/etl_load_postgres_dag.py took 0.253 seconds
[2025-05-22T00:02:33.091+0000] {processor.py:157} INFO - Started process (PID=772) to work on /opt/airflow/dags/etl_load_postgres_dag.py
[2025-05-22T00:02:33.091+0000] {processor.py:829} INFO - Processing file /opt/airflow/dags/etl_load_postgres_dag.py for tasks to queue
[2025-05-22T00:02:33.092+0000] {logging_mixin.py:154} INFO - [2025-05-22T00:02:33.092+0000] {dagbag.py:536} INFO - Filling up the DagBag from /opt/airflow/dags/etl_load_postgres_dag.py
[2025-05-22T00:02:33.304+0000] {processor.py:839} INFO - DAG(s) dict_keys(['etl_dimensional_model']) retrieved from /opt/airflow/dags/etl_load_postgres_dag.py
[2025-05-22T00:02:33.327+0000] {logging_mixin.py:154} INFO - [2025-05-22T00:02:33.326+0000] {dag.py:2941} INFO - Sync 1 DAGs
[2025-05-22T00:02:33.338+0000] {logging_mixin.py:154} INFO - [2025-05-22T00:02:33.337+0000] {dag.py:3722} INFO - Setting next_dagrun for etl_dimensional_model to None, run_after=None
[2025-05-22T00:02:33.351+0000] {processor.py:179} INFO - Processing /opt/airflow/dags/etl_load_postgres_dag.py took 0.263 seconds
[2025-05-22T00:03:03.537+0000] {processor.py:157} INFO - Started process (PID=778) to work on /opt/airflow/dags/etl_load_postgres_dag.py
[2025-05-22T00:03:03.538+0000] {processor.py:829} INFO - Processing file /opt/airflow/dags/etl_load_postgres_dag.py for tasks to queue
[2025-05-22T00:03:03.538+0000] {logging_mixin.py:154} INFO - [2025-05-22T00:03:03.538+0000] {dagbag.py:536} INFO - Filling up the DagBag from /opt/airflow/dags/etl_load_postgres_dag.py
[2025-05-22T00:03:03.746+0000] {processor.py:839} INFO - DAG(s) dict_keys(['etl_dimensional_model']) retrieved from /opt/airflow/dags/etl_load_postgres_dag.py
[2025-05-22T00:03:03.766+0000] {logging_mixin.py:154} INFO - [2025-05-22T00:03:03.765+0000] {dag.py:2941} INFO - Sync 1 DAGs
[2025-05-22T00:03:03.776+0000] {logging_mixin.py:154} INFO - [2025-05-22T00:03:03.776+0000] {dag.py:3722} INFO - Setting next_dagrun for etl_dimensional_model to None, run_after=None
[2025-05-22T00:03:03.789+0000] {processor.py:179} INFO - Processing /opt/airflow/dags/etl_load_postgres_dag.py took 0.254 seconds
[2025-05-22T00:03:33.973+0000] {processor.py:157} INFO - Started process (PID=784) to work on /opt/airflow/dags/etl_load_postgres_dag.py
[2025-05-22T00:03:33.974+0000] {processor.py:829} INFO - Processing file /opt/airflow/dags/etl_load_postgres_dag.py for tasks to queue
[2025-05-22T00:03:33.974+0000] {logging_mixin.py:154} INFO - [2025-05-22T00:03:33.974+0000] {dagbag.py:536} INFO - Filling up the DagBag from /opt/airflow/dags/etl_load_postgres_dag.py
[2025-05-22T00:03:34.187+0000] {processor.py:839} INFO - DAG(s) dict_keys(['etl_dimensional_model']) retrieved from /opt/airflow/dags/etl_load_postgres_dag.py
[2025-05-22T00:03:34.208+0000] {logging_mixin.py:154} INFO - [2025-05-22T00:03:34.207+0000] {dag.py:2941} INFO - Sync 1 DAGs
[2025-05-22T00:03:34.218+0000] {logging_mixin.py:154} INFO - [2025-05-22T00:03:34.218+0000] {dag.py:3722} INFO - Setting next_dagrun for etl_dimensional_model to None, run_after=None
[2025-05-22T00:03:34.232+0000] {processor.py:179} INFO - Processing /opt/airflow/dags/etl_load_postgres_dag.py took 0.261 seconds
[2025-05-22T00:04:04.419+0000] {processor.py:157} INFO - Started process (PID=790) to work on /opt/airflow/dags/etl_load_postgres_dag.py
[2025-05-22T00:04:04.420+0000] {processor.py:829} INFO - Processing file /opt/airflow/dags/etl_load_postgres_dag.py for tasks to queue
[2025-05-22T00:04:04.420+0000] {logging_mixin.py:154} INFO - [2025-05-22T00:04:04.420+0000] {dagbag.py:536} INFO - Filling up the DagBag from /opt/airflow/dags/etl_load_postgres_dag.py
[2025-05-22T00:04:04.625+0000] {processor.py:839} INFO - DAG(s) dict_keys(['etl_dimensional_model']) retrieved from /opt/airflow/dags/etl_load_postgres_dag.py
[2025-05-22T00:04:04.648+0000] {logging_mixin.py:154} INFO - [2025-05-22T00:04:04.647+0000] {dag.py:2941} INFO - Sync 1 DAGs
[2025-05-22T00:04:04.659+0000] {logging_mixin.py:154} INFO - [2025-05-22T00:04:04.658+0000] {dag.py:3722} INFO - Setting next_dagrun for etl_dimensional_model to None, run_after=None
[2025-05-22T00:04:04.672+0000] {processor.py:179} INFO - Processing /opt/airflow/dags/etl_load_postgres_dag.py took 0.255 seconds
[2025-05-22T00:04:34.857+0000] {processor.py:157} INFO - Started process (PID=796) to work on /opt/airflow/dags/etl_load_postgres_dag.py
[2025-05-22T00:04:34.858+0000] {processor.py:829} INFO - Processing file /opt/airflow/dags/etl_load_postgres_dag.py for tasks to queue
[2025-05-22T00:04:34.858+0000] {logging_mixin.py:154} INFO - [2025-05-22T00:04:34.858+0000] {dagbag.py:536} INFO - Filling up the DagBag from /opt/airflow/dags/etl_load_postgres_dag.py
[2025-05-22T00:04:35.068+0000] {processor.py:839} INFO - DAG(s) dict_keys(['etl_dimensional_model']) retrieved from /opt/airflow/dags/etl_load_postgres_dag.py
[2025-05-22T00:04:35.091+0000] {logging_mixin.py:154} INFO - [2025-05-22T00:04:35.090+0000] {dag.py:2941} INFO - Sync 1 DAGs
[2025-05-22T00:04:35.101+0000] {logging_mixin.py:154} INFO - [2025-05-22T00:04:35.101+0000] {dag.py:3722} INFO - Setting next_dagrun for etl_dimensional_model to None, run_after=None
[2025-05-22T00:04:35.114+0000] {processor.py:179} INFO - Processing /opt/airflow/dags/etl_load_postgres_dag.py took 0.259 seconds
[2025-05-22T00:05:05.883+0000] {processor.py:157} INFO - Started process (PID=802) to work on /opt/airflow/dags/etl_load_postgres_dag.py
[2025-05-22T00:05:05.883+0000] {processor.py:829} INFO - Processing file /opt/airflow/dags/etl_load_postgres_dag.py for tasks to queue
[2025-05-22T00:05:05.884+0000] {logging_mixin.py:154} INFO - [2025-05-22T00:05:05.884+0000] {dagbag.py:536} INFO - Filling up the DagBag from /opt/airflow/dags/etl_load_postgres_dag.py
[2025-05-22T00:05:06.091+0000] {processor.py:839} INFO - DAG(s) dict_keys(['etl_dimensional_model']) retrieved from /opt/airflow/dags/etl_load_postgres_dag.py
[2025-05-22T00:05:06.112+0000] {logging_mixin.py:154} INFO - [2025-05-22T00:05:06.111+0000] {dag.py:2941} INFO - Sync 1 DAGs
[2025-05-22T00:05:06.122+0000] {logging_mixin.py:154} INFO - [2025-05-22T00:05:06.121+0000] {dag.py:3722} INFO - Setting next_dagrun for etl_dimensional_model to None, run_after=None
[2025-05-22T00:05:06.135+0000] {processor.py:179} INFO - Processing /opt/airflow/dags/etl_load_postgres_dag.py took 0.254 seconds
[2025-05-22T00:05:36.311+0000] {processor.py:157} INFO - Started process (PID=808) to work on /opt/airflow/dags/etl_load_postgres_dag.py
[2025-05-22T00:05:36.312+0000] {processor.py:829} INFO - Processing file /opt/airflow/dags/etl_load_postgres_dag.py for tasks to queue
[2025-05-22T00:05:36.313+0000] {logging_mixin.py:154} INFO - [2025-05-22T00:05:36.312+0000] {dagbag.py:536} INFO - Filling up the DagBag from /opt/airflow/dags/etl_load_postgres_dag.py
[2025-05-22T00:05:36.522+0000] {processor.py:839} INFO - DAG(s) dict_keys(['etl_dimensional_model']) retrieved from /opt/airflow/dags/etl_load_postgres_dag.py
[2025-05-22T00:05:36.542+0000] {logging_mixin.py:154} INFO - [2025-05-22T00:05:36.542+0000] {dag.py:2941} INFO - Sync 1 DAGs
[2025-05-22T00:05:36.553+0000] {logging_mixin.py:154} INFO - [2025-05-22T00:05:36.553+0000] {dag.py:3722} INFO - Setting next_dagrun for etl_dimensional_model to None, run_after=None
[2025-05-22T00:05:36.567+0000] {processor.py:179} INFO - Processing /opt/airflow/dags/etl_load_postgres_dag.py took 0.258 seconds
[2025-05-22T00:06:06.701+0000] {processor.py:157} INFO - Started process (PID=814) to work on /opt/airflow/dags/etl_load_postgres_dag.py
[2025-05-22T00:06:06.702+0000] {processor.py:829} INFO - Processing file /opt/airflow/dags/etl_load_postgres_dag.py for tasks to queue
[2025-05-22T00:06:06.703+0000] {logging_mixin.py:154} INFO - [2025-05-22T00:06:06.702+0000] {dagbag.py:536} INFO - Filling up the DagBag from /opt/airflow/dags/etl_load_postgres_dag.py
[2025-05-22T00:06:06.914+0000] {processor.py:839} INFO - DAG(s) dict_keys(['etl_dimensional_model']) retrieved from /opt/airflow/dags/etl_load_postgres_dag.py
[2025-05-22T00:06:06.936+0000] {logging_mixin.py:154} INFO - [2025-05-22T00:06:06.935+0000] {dag.py:2941} INFO - Sync 1 DAGs
[2025-05-22T00:06:06.946+0000] {logging_mixin.py:154} INFO - [2025-05-22T00:06:06.946+0000] {dag.py:3722} INFO - Setting next_dagrun for etl_dimensional_model to None, run_after=None
[2025-05-22T00:06:06.960+0000] {processor.py:179} INFO - Processing /opt/airflow/dags/etl_load_postgres_dag.py took 0.261 seconds
[2025-05-22T00:06:37.690+0000] {processor.py:157} INFO - Started process (PID=820) to work on /opt/airflow/dags/etl_load_postgres_dag.py
[2025-05-22T00:06:37.691+0000] {processor.py:829} INFO - Processing file /opt/airflow/dags/etl_load_postgres_dag.py for tasks to queue
[2025-05-22T00:06:37.691+0000] {logging_mixin.py:154} INFO - [2025-05-22T00:06:37.691+0000] {dagbag.py:536} INFO - Filling up the DagBag from /opt/airflow/dags/etl_load_postgres_dag.py
[2025-05-22T00:06:37.890+0000] {processor.py:839} INFO - DAG(s) dict_keys(['etl_dimensional_model']) retrieved from /opt/airflow/dags/etl_load_postgres_dag.py
[2025-05-22T00:06:37.912+0000] {logging_mixin.py:154} INFO - [2025-05-22T00:06:37.911+0000] {dag.py:2941} INFO - Sync 1 DAGs
[2025-05-22T00:06:37.921+0000] {logging_mixin.py:154} INFO - [2025-05-22T00:06:37.921+0000] {dag.py:3722} INFO - Setting next_dagrun for etl_dimensional_model to None, run_after=None
[2025-05-22T00:06:37.934+0000] {processor.py:179} INFO - Processing /opt/airflow/dags/etl_load_postgres_dag.py took 0.246 seconds
[2025-05-22T00:07:08.337+0000] {processor.py:157} INFO - Started process (PID=826) to work on /opt/airflow/dags/etl_load_postgres_dag.py
[2025-05-22T00:07:08.337+0000] {processor.py:829} INFO - Processing file /opt/airflow/dags/etl_load_postgres_dag.py for tasks to queue
[2025-05-22T00:07:08.338+0000] {logging_mixin.py:154} INFO - [2025-05-22T00:07:08.338+0000] {dagbag.py:536} INFO - Filling up the DagBag from /opt/airflow/dags/etl_load_postgres_dag.py
[2025-05-22T00:07:08.547+0000] {processor.py:839} INFO - DAG(s) dict_keys(['etl_dimensional_model']) retrieved from /opt/airflow/dags/etl_load_postgres_dag.py
[2025-05-22T00:07:08.568+0000] {logging_mixin.py:154} INFO - [2025-05-22T00:07:08.567+0000] {dag.py:2941} INFO - Sync 1 DAGs
[2025-05-22T00:07:08.578+0000] {logging_mixin.py:154} INFO - [2025-05-22T00:07:08.578+0000] {dag.py:3722} INFO - Setting next_dagrun for etl_dimensional_model to None, run_after=None
[2025-05-22T00:07:08.592+0000] {processor.py:179} INFO - Processing /opt/airflow/dags/etl_load_postgres_dag.py took 0.257 seconds
[2025-05-22T00:07:38.848+0000] {processor.py:157} INFO - Started process (PID=832) to work on /opt/airflow/dags/etl_load_postgres_dag.py
[2025-05-22T00:07:38.848+0000] {processor.py:829} INFO - Processing file /opt/airflow/dags/etl_load_postgres_dag.py for tasks to queue
[2025-05-22T00:07:38.849+0000] {logging_mixin.py:154} INFO - [2025-05-22T00:07:38.849+0000] {dagbag.py:536} INFO - Filling up the DagBag from /opt/airflow/dags/etl_load_postgres_dag.py
[2025-05-22T00:07:39.067+0000] {processor.py:839} INFO - DAG(s) dict_keys(['etl_dimensional_model']) retrieved from /opt/airflow/dags/etl_load_postgres_dag.py
[2025-05-22T00:07:39.088+0000] {logging_mixin.py:154} INFO - [2025-05-22T00:07:39.088+0000] {dag.py:2941} INFO - Sync 1 DAGs
[2025-05-22T00:07:39.098+0000] {logging_mixin.py:154} INFO - [2025-05-22T00:07:39.098+0000] {dag.py:3722} INFO - Setting next_dagrun for etl_dimensional_model to None, run_after=None
[2025-05-22T00:07:39.112+0000] {processor.py:179} INFO - Processing /opt/airflow/dags/etl_load_postgres_dag.py took 0.266 seconds
[2025-05-22T00:08:09.355+0000] {processor.py:157} INFO - Started process (PID=838) to work on /opt/airflow/dags/etl_load_postgres_dag.py
[2025-05-22T00:08:09.355+0000] {processor.py:829} INFO - Processing file /opt/airflow/dags/etl_load_postgres_dag.py for tasks to queue
[2025-05-22T00:08:09.356+0000] {logging_mixin.py:154} INFO - [2025-05-22T00:08:09.356+0000] {dagbag.py:536} INFO - Filling up the DagBag from /opt/airflow/dags/etl_load_postgres_dag.py
[2025-05-22T00:08:09.650+0000] {processor.py:839} INFO - DAG(s) dict_keys(['etl_dimensional_model']) retrieved from /opt/airflow/dags/etl_load_postgres_dag.py
[2025-05-22T00:08:09.674+0000] {logging_mixin.py:154} INFO - [2025-05-22T00:08:09.673+0000] {dag.py:2941} INFO - Sync 1 DAGs
[2025-05-22T00:08:09.683+0000] {logging_mixin.py:154} INFO - [2025-05-22T00:08:09.683+0000] {dag.py:3722} INFO - Setting next_dagrun for etl_dimensional_model to None, run_after=None
[2025-05-22T00:08:09.696+0000] {processor.py:179} INFO - Processing /opt/airflow/dags/etl_load_postgres_dag.py took 0.344 seconds
[2025-05-22T00:08:39.961+0000] {processor.py:157} INFO - Started process (PID=844) to work on /opt/airflow/dags/etl_load_postgres_dag.py
[2025-05-22T00:08:39.962+0000] {processor.py:829} INFO - Processing file /opt/airflow/dags/etl_load_postgres_dag.py for tasks to queue
[2025-05-22T00:08:39.962+0000] {logging_mixin.py:154} INFO - [2025-05-22T00:08:39.962+0000] {dagbag.py:536} INFO - Filling up the DagBag from /opt/airflow/dags/etl_load_postgres_dag.py
[2025-05-22T00:08:40.169+0000] {processor.py:839} INFO - DAG(s) dict_keys(['etl_dimensional_model']) retrieved from /opt/airflow/dags/etl_load_postgres_dag.py
[2025-05-22T00:08:40.189+0000] {logging_mixin.py:154} INFO - [2025-05-22T00:08:40.188+0000] {dag.py:2941} INFO - Sync 1 DAGs
[2025-05-22T00:08:40.198+0000] {logging_mixin.py:154} INFO - [2025-05-22T00:08:40.197+0000] {dag.py:3722} INFO - Setting next_dagrun for etl_dimensional_model to None, run_after=None
[2025-05-22T00:08:40.210+0000] {processor.py:179} INFO - Processing /opt/airflow/dags/etl_load_postgres_dag.py took 0.252 seconds
[2025-05-22T00:09:10.421+0000] {processor.py:157} INFO - Started process (PID=850) to work on /opt/airflow/dags/etl_load_postgres_dag.py
[2025-05-22T00:09:10.423+0000] {processor.py:829} INFO - Processing file /opt/airflow/dags/etl_load_postgres_dag.py for tasks to queue
[2025-05-22T00:09:10.425+0000] {logging_mixin.py:154} INFO - [2025-05-22T00:09:10.424+0000] {dagbag.py:536} INFO - Filling up the DagBag from /opt/airflow/dags/etl_load_postgres_dag.py
[2025-05-22T00:09:10.660+0000] {processor.py:839} INFO - DAG(s) dict_keys(['etl_dimensional_model']) retrieved from /opt/airflow/dags/etl_load_postgres_dag.py
[2025-05-22T00:09:10.679+0000] {logging_mixin.py:154} INFO - [2025-05-22T00:09:10.679+0000] {dag.py:2941} INFO - Sync 1 DAGs
[2025-05-22T00:09:10.688+0000] {logging_mixin.py:154} INFO - [2025-05-22T00:09:10.688+0000] {dag.py:3722} INFO - Setting next_dagrun for etl_dimensional_model to None, run_after=None
[2025-05-22T00:09:10.701+0000] {processor.py:179} INFO - Processing /opt/airflow/dags/etl_load_postgres_dag.py took 0.286 seconds
[2025-05-22T00:09:40.910+0000] {processor.py:157} INFO - Started process (PID=856) to work on /opt/airflow/dags/etl_load_postgres_dag.py
[2025-05-22T00:09:40.911+0000] {processor.py:829} INFO - Processing file /opt/airflow/dags/etl_load_postgres_dag.py for tasks to queue
[2025-05-22T00:09:40.911+0000] {logging_mixin.py:154} INFO - [2025-05-22T00:09:40.911+0000] {dagbag.py:536} INFO - Filling up the DagBag from /opt/airflow/dags/etl_load_postgres_dag.py
[2025-05-22T00:09:41.129+0000] {processor.py:839} INFO - DAG(s) dict_keys(['etl_dimensional_model']) retrieved from /opt/airflow/dags/etl_load_postgres_dag.py
[2025-05-22T00:09:41.150+0000] {logging_mixin.py:154} INFO - [2025-05-22T00:09:41.149+0000] {dag.py:2941} INFO - Sync 1 DAGs
[2025-05-22T00:09:41.159+0000] {logging_mixin.py:154} INFO - [2025-05-22T00:09:41.159+0000] {dag.py:3722} INFO - Setting next_dagrun for etl_dimensional_model to None, run_after=None
[2025-05-22T00:09:41.172+0000] {processor.py:179} INFO - Processing /opt/airflow/dags/etl_load_postgres_dag.py took 0.265 seconds
[2025-05-22T00:10:11.258+0000] {processor.py:157} INFO - Started process (PID=862) to work on /opt/airflow/dags/etl_load_postgres_dag.py
[2025-05-22T00:10:11.258+0000] {processor.py:829} INFO - Processing file /opt/airflow/dags/etl_load_postgres_dag.py for tasks to queue
[2025-05-22T00:10:11.259+0000] {logging_mixin.py:154} INFO - [2025-05-22T00:10:11.259+0000] {dagbag.py:536} INFO - Filling up the DagBag from /opt/airflow/dags/etl_load_postgres_dag.py
[2025-05-22T00:10:11.472+0000] {processor.py:839} INFO - DAG(s) dict_keys(['etl_dimensional_model']) retrieved from /opt/airflow/dags/etl_load_postgres_dag.py
[2025-05-22T00:10:11.491+0000] {logging_mixin.py:154} INFO - [2025-05-22T00:10:11.490+0000] {dag.py:2941} INFO - Sync 1 DAGs
[2025-05-22T00:10:11.500+0000] {logging_mixin.py:154} INFO - [2025-05-22T00:10:11.500+0000] {dag.py:3722} INFO - Setting next_dagrun for etl_dimensional_model to None, run_after=None
[2025-05-22T00:10:11.513+0000] {processor.py:179} INFO - Processing /opt/airflow/dags/etl_load_postgres_dag.py took 0.257 seconds
[2025-05-22T00:10:41.641+0000] {processor.py:157} INFO - Started process (PID=868) to work on /opt/airflow/dags/etl_load_postgres_dag.py
[2025-05-22T00:10:41.641+0000] {processor.py:829} INFO - Processing file /opt/airflow/dags/etl_load_postgres_dag.py for tasks to queue
[2025-05-22T00:10:41.642+0000] {logging_mixin.py:154} INFO - [2025-05-22T00:10:41.642+0000] {dagbag.py:536} INFO - Filling up the DagBag from /opt/airflow/dags/etl_load_postgres_dag.py
[2025-05-22T00:10:41.862+0000] {processor.py:839} INFO - DAG(s) dict_keys(['etl_dimensional_model']) retrieved from /opt/airflow/dags/etl_load_postgres_dag.py
[2025-05-22T00:10:41.882+0000] {logging_mixin.py:154} INFO - [2025-05-22T00:10:41.882+0000] {dag.py:2941} INFO - Sync 1 DAGs
[2025-05-22T00:10:41.891+0000] {logging_mixin.py:154} INFO - [2025-05-22T00:10:41.891+0000] {dag.py:3722} INFO - Setting next_dagrun for etl_dimensional_model to None, run_after=None
[2025-05-22T00:10:41.904+0000] {processor.py:179} INFO - Processing /opt/airflow/dags/etl_load_postgres_dag.py took 0.266 seconds
[2025-05-22T00:11:11.967+0000] {processor.py:157} INFO - Started process (PID=874) to work on /opt/airflow/dags/etl_load_postgres_dag.py
[2025-05-22T00:11:11.968+0000] {processor.py:829} INFO - Processing file /opt/airflow/dags/etl_load_postgres_dag.py for tasks to queue
[2025-05-22T00:11:11.968+0000] {logging_mixin.py:154} INFO - [2025-05-22T00:11:11.968+0000] {dagbag.py:536} INFO - Filling up the DagBag from /opt/airflow/dags/etl_load_postgres_dag.py
[2025-05-22T00:11:12.194+0000] {processor.py:839} INFO - DAG(s) dict_keys(['etl_dimensional_model']) retrieved from /opt/airflow/dags/etl_load_postgres_dag.py
[2025-05-22T00:11:12.216+0000] {logging_mixin.py:154} INFO - [2025-05-22T00:11:12.215+0000] {dag.py:2941} INFO - Sync 1 DAGs
[2025-05-22T00:11:12.225+0000] {logging_mixin.py:154} INFO - [2025-05-22T00:11:12.225+0000] {dag.py:3722} INFO - Setting next_dagrun for etl_dimensional_model to None, run_after=None
[2025-05-22T00:11:12.240+0000] {processor.py:179} INFO - Processing /opt/airflow/dags/etl_load_postgres_dag.py took 0.275 seconds
[2025-05-22T00:11:42.851+0000] {processor.py:157} INFO - Started process (PID=880) to work on /opt/airflow/dags/etl_load_postgres_dag.py
[2025-05-22T00:11:42.852+0000] {processor.py:829} INFO - Processing file /opt/airflow/dags/etl_load_postgres_dag.py for tasks to queue
[2025-05-22T00:11:42.852+0000] {logging_mixin.py:154} INFO - [2025-05-22T00:11:42.852+0000] {dagbag.py:536} INFO - Filling up the DagBag from /opt/airflow/dags/etl_load_postgres_dag.py
[2025-05-22T00:11:43.068+0000] {processor.py:839} INFO - DAG(s) dict_keys(['etl_dimensional_model']) retrieved from /opt/airflow/dags/etl_load_postgres_dag.py
[2025-05-22T00:11:43.090+0000] {logging_mixin.py:154} INFO - [2025-05-22T00:11:43.090+0000] {dag.py:2941} INFO - Sync 1 DAGs
[2025-05-22T00:11:43.100+0000] {logging_mixin.py:154} INFO - [2025-05-22T00:11:43.100+0000] {dag.py:3722} INFO - Setting next_dagrun for etl_dimensional_model to None, run_after=None
[2025-05-22T00:11:43.113+0000] {processor.py:179} INFO - Processing /opt/airflow/dags/etl_load_postgres_dag.py took 0.266 seconds
[2025-05-22T00:12:13.342+0000] {processor.py:157} INFO - Started process (PID=886) to work on /opt/airflow/dags/etl_load_postgres_dag.py
[2025-05-22T00:12:13.343+0000] {processor.py:829} INFO - Processing file /opt/airflow/dags/etl_load_postgres_dag.py for tasks to queue
[2025-05-22T00:12:13.343+0000] {logging_mixin.py:154} INFO - [2025-05-22T00:12:13.343+0000] {dagbag.py:536} INFO - Filling up the DagBag from /opt/airflow/dags/etl_load_postgres_dag.py
[2025-05-22T00:12:13.559+0000] {processor.py:839} INFO - DAG(s) dict_keys(['etl_dimensional_model']) retrieved from /opt/airflow/dags/etl_load_postgres_dag.py
[2025-05-22T00:12:13.579+0000] {logging_mixin.py:154} INFO - [2025-05-22T00:12:13.578+0000] {dag.py:2941} INFO - Sync 1 DAGs
[2025-05-22T00:12:13.586+0000] {logging_mixin.py:154} INFO - [2025-05-22T00:12:13.586+0000] {dag.py:3722} INFO - Setting next_dagrun for etl_dimensional_model to None, run_after=None
[2025-05-22T00:12:13.599+0000] {processor.py:179} INFO - Processing /opt/airflow/dags/etl_load_postgres_dag.py took 0.259 seconds
[2025-05-22T00:12:44.257+0000] {processor.py:157} INFO - Started process (PID=892) to work on /opt/airflow/dags/etl_load_postgres_dag.py
[2025-05-22T00:12:44.257+0000] {processor.py:829} INFO - Processing file /opt/airflow/dags/etl_load_postgres_dag.py for tasks to queue
[2025-05-22T00:12:44.258+0000] {logging_mixin.py:154} INFO - [2025-05-22T00:12:44.258+0000] {dagbag.py:536} INFO - Filling up the DagBag from /opt/airflow/dags/etl_load_postgres_dag.py
[2025-05-22T00:12:44.463+0000] {processor.py:839} INFO - DAG(s) dict_keys(['etl_dimensional_model']) retrieved from /opt/airflow/dags/etl_load_postgres_dag.py
[2025-05-22T00:12:44.481+0000] {logging_mixin.py:154} INFO - [2025-05-22T00:12:44.480+0000] {dag.py:2941} INFO - Sync 1 DAGs
[2025-05-22T00:12:44.489+0000] {logging_mixin.py:154} INFO - [2025-05-22T00:12:44.489+0000] {dag.py:3722} INFO - Setting next_dagrun for etl_dimensional_model to None, run_after=None
[2025-05-22T00:12:44.502+0000] {processor.py:179} INFO - Processing /opt/airflow/dags/etl_load_postgres_dag.py took 0.247 seconds
[2025-05-22T00:13:14.774+0000] {processor.py:157} INFO - Started process (PID=898) to work on /opt/airflow/dags/etl_load_postgres_dag.py
[2025-05-22T00:13:14.775+0000] {processor.py:829} INFO - Processing file /opt/airflow/dags/etl_load_postgres_dag.py for tasks to queue
[2025-05-22T00:13:14.775+0000] {logging_mixin.py:154} INFO - [2025-05-22T00:13:14.775+0000] {dagbag.py:536} INFO - Filling up the DagBag from /opt/airflow/dags/etl_load_postgres_dag.py
[2025-05-22T00:13:14.978+0000] {processor.py:839} INFO - DAG(s) dict_keys(['etl_dimensional_model']) retrieved from /opt/airflow/dags/etl_load_postgres_dag.py
[2025-05-22T00:13:14.997+0000] {logging_mixin.py:154} INFO - [2025-05-22T00:13:14.996+0000] {dag.py:2941} INFO - Sync 1 DAGs
[2025-05-22T00:13:15.008+0000] {logging_mixin.py:154} INFO - [2025-05-22T00:13:15.008+0000] {dag.py:3722} INFO - Setting next_dagrun for etl_dimensional_model to None, run_after=None
[2025-05-22T00:13:15.022+0000] {processor.py:179} INFO - Processing /opt/airflow/dags/etl_load_postgres_dag.py took 0.250 seconds
[2025-05-22T00:13:45.735+0000] {processor.py:157} INFO - Started process (PID=904) to work on /opt/airflow/dags/etl_load_postgres_dag.py
[2025-05-22T00:13:45.736+0000] {processor.py:829} INFO - Processing file /opt/airflow/dags/etl_load_postgres_dag.py for tasks to queue
[2025-05-22T00:13:45.737+0000] {logging_mixin.py:154} INFO - [2025-05-22T00:13:45.736+0000] {dagbag.py:536} INFO - Filling up the DagBag from /opt/airflow/dags/etl_load_postgres_dag.py
[2025-05-22T00:13:45.945+0000] {processor.py:839} INFO - DAG(s) dict_keys(['etl_dimensional_model']) retrieved from /opt/airflow/dags/etl_load_postgres_dag.py
[2025-05-22T00:13:45.965+0000] {logging_mixin.py:154} INFO - [2025-05-22T00:13:45.965+0000] {dag.py:2941} INFO - Sync 1 DAGs
[2025-05-22T00:13:45.974+0000] {logging_mixin.py:154} INFO - [2025-05-22T00:13:45.974+0000] {dag.py:3722} INFO - Setting next_dagrun for etl_dimensional_model to None, run_after=None
[2025-05-22T00:13:45.987+0000] {processor.py:179} INFO - Processing /opt/airflow/dags/etl_load_postgres_dag.py took 0.254 seconds
[2025-05-22T00:14:16.205+0000] {processor.py:157} INFO - Started process (PID=910) to work on /opt/airflow/dags/etl_load_postgres_dag.py
[2025-05-22T00:14:16.206+0000] {processor.py:829} INFO - Processing file /opt/airflow/dags/etl_load_postgres_dag.py for tasks to queue
[2025-05-22T00:14:16.207+0000] {logging_mixin.py:154} INFO - [2025-05-22T00:14:16.206+0000] {dagbag.py:536} INFO - Filling up the DagBag from /opt/airflow/dags/etl_load_postgres_dag.py
[2025-05-22T00:14:16.427+0000] {processor.py:839} INFO - DAG(s) dict_keys(['etl_dimensional_model']) retrieved from /opt/airflow/dags/etl_load_postgres_dag.py
[2025-05-22T00:14:16.448+0000] {logging_mixin.py:154} INFO - [2025-05-22T00:14:16.448+0000] {dag.py:2941} INFO - Sync 1 DAGs
[2025-05-22T00:14:16.457+0000] {logging_mixin.py:154} INFO - [2025-05-22T00:14:16.457+0000] {dag.py:3722} INFO - Setting next_dagrun for etl_dimensional_model to None, run_after=None
[2025-05-22T00:14:16.471+0000] {processor.py:179} INFO - Processing /opt/airflow/dags/etl_load_postgres_dag.py took 0.268 seconds
[2025-05-22T00:14:48.912+0000] {processor.py:157} INFO - Started process (PID=916) to work on /opt/airflow/dags/etl_load_postgres_dag.py
[2025-05-22T00:14:48.913+0000] {processor.py:829} INFO - Processing file /opt/airflow/dags/etl_load_postgres_dag.py for tasks to queue
[2025-05-22T00:14:48.914+0000] {logging_mixin.py:154} INFO - [2025-05-22T00:14:48.913+0000] {dagbag.py:536} INFO - Filling up the DagBag from /opt/airflow/dags/etl_load_postgres_dag.py
[2025-05-22T00:14:49.139+0000] {processor.py:839} INFO - DAG(s) dict_keys(['etl_dimensional_model']) retrieved from /opt/airflow/dags/etl_load_postgres_dag.py
[2025-05-22T00:14:49.159+0000] {logging_mixin.py:154} INFO - [2025-05-22T00:14:49.158+0000] {dag.py:2941} INFO - Sync 1 DAGs
[2025-05-22T00:14:49.168+0000] {logging_mixin.py:154} INFO - [2025-05-22T00:14:49.168+0000] {dag.py:3722} INFO - Setting next_dagrun for etl_dimensional_model to None, run_after=None
[2025-05-22T00:14:49.182+0000] {processor.py:179} INFO - Processing /opt/airflow/dags/etl_load_postgres_dag.py took 0.272 seconds
[2025-05-22T00:15:19.313+0000] {processor.py:157} INFO - Started process (PID=922) to work on /opt/airflow/dags/etl_load_postgres_dag.py
[2025-05-22T00:15:19.314+0000] {processor.py:829} INFO - Processing file /opt/airflow/dags/etl_load_postgres_dag.py for tasks to queue
[2025-05-22T00:15:19.315+0000] {logging_mixin.py:154} INFO - [2025-05-22T00:15:19.315+0000] {dagbag.py:536} INFO - Filling up the DagBag from /opt/airflow/dags/etl_load_postgres_dag.py
[2025-05-22T00:15:19.525+0000] {processor.py:839} INFO - DAG(s) dict_keys(['etl_dimensional_model']) retrieved from /opt/airflow/dags/etl_load_postgres_dag.py
[2025-05-22T00:15:19.545+0000] {logging_mixin.py:154} INFO - [2025-05-22T00:15:19.544+0000] {dag.py:2941} INFO - Sync 1 DAGs
[2025-05-22T00:15:19.556+0000] {logging_mixin.py:154} INFO - [2025-05-22T00:15:19.556+0000] {dag.py:3722} INFO - Setting next_dagrun for etl_dimensional_model to None, run_after=None
[2025-05-22T00:15:19.569+0000] {processor.py:179} INFO - Processing /opt/airflow/dags/etl_load_postgres_dag.py took 0.258 seconds
[2025-05-22T00:15:49.848+0000] {processor.py:157} INFO - Started process (PID=928) to work on /opt/airflow/dags/etl_load_postgres_dag.py
[2025-05-22T00:15:49.849+0000] {processor.py:829} INFO - Processing file /opt/airflow/dags/etl_load_postgres_dag.py for tasks to queue
[2025-05-22T00:15:49.849+0000] {logging_mixin.py:154} INFO - [2025-05-22T00:15:49.849+0000] {dagbag.py:536} INFO - Filling up the DagBag from /opt/airflow/dags/etl_load_postgres_dag.py
[2025-05-22T00:15:50.059+0000] {processor.py:839} INFO - DAG(s) dict_keys(['etl_dimensional_model']) retrieved from /opt/airflow/dags/etl_load_postgres_dag.py
[2025-05-22T00:15:50.079+0000] {logging_mixin.py:154} INFO - [2025-05-22T00:15:50.078+0000] {dag.py:2941} INFO - Sync 1 DAGs
[2025-05-22T00:15:50.087+0000] {logging_mixin.py:154} INFO - [2025-05-22T00:15:50.087+0000] {dag.py:3722} INFO - Setting next_dagrun for etl_dimensional_model to None, run_after=None
[2025-05-22T00:15:50.100+0000] {processor.py:179} INFO - Processing /opt/airflow/dags/etl_load_postgres_dag.py took 0.255 seconds
[2025-05-22T00:16:20.658+0000] {processor.py:157} INFO - Started process (PID=934) to work on /opt/airflow/dags/etl_load_postgres_dag.py
[2025-05-22T00:16:20.658+0000] {processor.py:829} INFO - Processing file /opt/airflow/dags/etl_load_postgres_dag.py for tasks to queue
[2025-05-22T00:16:20.659+0000] {logging_mixin.py:154} INFO - [2025-05-22T00:16:20.659+0000] {dagbag.py:536} INFO - Filling up the DagBag from /opt/airflow/dags/etl_load_postgres_dag.py
[2025-05-22T00:16:20.867+0000] {processor.py:839} INFO - DAG(s) dict_keys(['etl_dimensional_model']) retrieved from /opt/airflow/dags/etl_load_postgres_dag.py
[2025-05-22T00:16:20.886+0000] {logging_mixin.py:154} INFO - [2025-05-22T00:16:20.885+0000] {dag.py:2941} INFO - Sync 1 DAGs
[2025-05-22T00:16:20.894+0000] {logging_mixin.py:154} INFO - [2025-05-22T00:16:20.894+0000] {dag.py:3722} INFO - Setting next_dagrun for etl_dimensional_model to None, run_after=None
[2025-05-22T00:16:20.908+0000] {processor.py:179} INFO - Processing /opt/airflow/dags/etl_load_postgres_dag.py took 0.252 seconds
[2025-05-22T00:16:51.189+0000] {processor.py:157} INFO - Started process (PID=940) to work on /opt/airflow/dags/etl_load_postgres_dag.py
[2025-05-22T00:16:51.190+0000] {processor.py:829} INFO - Processing file /opt/airflow/dags/etl_load_postgres_dag.py for tasks to queue
[2025-05-22T00:16:51.191+0000] {logging_mixin.py:154} INFO - [2025-05-22T00:16:51.190+0000] {dagbag.py:536} INFO - Filling up the DagBag from /opt/airflow/dags/etl_load_postgres_dag.py
[2025-05-22T00:16:51.392+0000] {processor.py:839} INFO - DAG(s) dict_keys(['etl_dimensional_model']) retrieved from /opt/airflow/dags/etl_load_postgres_dag.py
[2025-05-22T00:16:51.410+0000] {logging_mixin.py:154} INFO - [2025-05-22T00:16:51.410+0000] {dag.py:2941} INFO - Sync 1 DAGs
[2025-05-22T00:16:51.419+0000] {logging_mixin.py:154} INFO - [2025-05-22T00:16:51.419+0000] {dag.py:3722} INFO - Setting next_dagrun for etl_dimensional_model to None, run_after=None
[2025-05-22T00:16:51.432+0000] {processor.py:179} INFO - Processing /opt/airflow/dags/etl_load_postgres_dag.py took 0.244 seconds
[2025-05-22T00:17:21.987+0000] {processor.py:157} INFO - Started process (PID=946) to work on /opt/airflow/dags/etl_load_postgres_dag.py
[2025-05-22T00:17:21.987+0000] {processor.py:829} INFO - Processing file /opt/airflow/dags/etl_load_postgres_dag.py for tasks to queue
[2025-05-22T00:17:21.988+0000] {logging_mixin.py:154} INFO - [2025-05-22T00:17:21.988+0000] {dagbag.py:536} INFO - Filling up the DagBag from /opt/airflow/dags/etl_load_postgres_dag.py
[2025-05-22T00:17:22.274+0000] {processor.py:839} INFO - DAG(s) dict_keys(['etl_dimensional_model']) retrieved from /opt/airflow/dags/etl_load_postgres_dag.py
[2025-05-22T00:17:22.295+0000] {logging_mixin.py:154} INFO - [2025-05-22T00:17:22.295+0000] {dag.py:2941} INFO - Sync 1 DAGs
[2025-05-22T00:17:22.305+0000] {logging_mixin.py:154} INFO - [2025-05-22T00:17:22.305+0000] {dag.py:3722} INFO - Setting next_dagrun for etl_dimensional_model to None, run_after=None
[2025-05-22T00:17:22.319+0000] {processor.py:179} INFO - Processing /opt/airflow/dags/etl_load_postgres_dag.py took 0.334 seconds
[2025-05-22T00:17:52.518+0000] {processor.py:157} INFO - Started process (PID=952) to work on /opt/airflow/dags/etl_load_postgres_dag.py
[2025-05-22T00:17:52.519+0000] {processor.py:829} INFO - Processing file /opt/airflow/dags/etl_load_postgres_dag.py for tasks to queue
[2025-05-22T00:17:52.519+0000] {logging_mixin.py:154} INFO - [2025-05-22T00:17:52.519+0000] {dagbag.py:536} INFO - Filling up the DagBag from /opt/airflow/dags/etl_load_postgres_dag.py
[2025-05-22T00:17:52.724+0000] {processor.py:839} INFO - DAG(s) dict_keys(['etl_dimensional_model']) retrieved from /opt/airflow/dags/etl_load_postgres_dag.py
[2025-05-22T00:17:52.742+0000] {logging_mixin.py:154} INFO - [2025-05-22T00:17:52.742+0000] {dag.py:2941} INFO - Sync 1 DAGs
[2025-05-22T00:17:52.752+0000] {logging_mixin.py:154} INFO - [2025-05-22T00:17:52.751+0000] {dag.py:3722} INFO - Setting next_dagrun for etl_dimensional_model to None, run_after=None
[2025-05-22T00:17:52.765+0000] {processor.py:179} INFO - Processing /opt/airflow/dags/etl_load_postgres_dag.py took 0.249 seconds
[2025-05-22T00:18:23.047+0000] {processor.py:157} INFO - Started process (PID=958) to work on /opt/airflow/dags/etl_load_postgres_dag.py
[2025-05-22T00:18:23.048+0000] {processor.py:829} INFO - Processing file /opt/airflow/dags/etl_load_postgres_dag.py for tasks to queue
[2025-05-22T00:18:23.049+0000] {logging_mixin.py:154} INFO - [2025-05-22T00:18:23.048+0000] {dagbag.py:536} INFO - Filling up the DagBag from /opt/airflow/dags/etl_load_postgres_dag.py
[2025-05-22T00:18:23.258+0000] {processor.py:839} INFO - DAG(s) dict_keys(['etl_dimensional_model']) retrieved from /opt/airflow/dags/etl_load_postgres_dag.py
[2025-05-22T00:18:23.277+0000] {logging_mixin.py:154} INFO - [2025-05-22T00:18:23.277+0000] {dag.py:2941} INFO - Sync 1 DAGs
[2025-05-22T00:18:23.286+0000] {logging_mixin.py:154} INFO - [2025-05-22T00:18:23.286+0000] {dag.py:3722} INFO - Setting next_dagrun for etl_dimensional_model to None, run_after=None
[2025-05-22T00:18:23.299+0000] {processor.py:179} INFO - Processing /opt/airflow/dags/etl_load_postgres_dag.py took 0.254 seconds
[2025-05-22T00:18:53.555+0000] {processor.py:157} INFO - Started process (PID=964) to work on /opt/airflow/dags/etl_load_postgres_dag.py
[2025-05-22T00:18:53.555+0000] {processor.py:829} INFO - Processing file /opt/airflow/dags/etl_load_postgres_dag.py for tasks to queue
[2025-05-22T00:18:53.556+0000] {logging_mixin.py:154} INFO - [2025-05-22T00:18:53.556+0000] {dagbag.py:536} INFO - Filling up the DagBag from /opt/airflow/dags/etl_load_postgres_dag.py
[2025-05-22T00:18:53.803+0000] {processor.py:839} INFO - DAG(s) dict_keys(['etl_dimensional_model']) retrieved from /opt/airflow/dags/etl_load_postgres_dag.py
[2025-05-22T00:18:53.825+0000] {logging_mixin.py:154} INFO - [2025-05-22T00:18:53.825+0000] {dag.py:2941} INFO - Sync 1 DAGs
[2025-05-22T00:18:53.835+0000] {logging_mixin.py:154} INFO - [2025-05-22T00:18:53.835+0000] {dag.py:3722} INFO - Setting next_dagrun for etl_dimensional_model to None, run_after=None
[2025-05-22T00:18:53.851+0000] {processor.py:179} INFO - Processing /opt/airflow/dags/etl_load_postgres_dag.py took 0.299 seconds
[2025-05-22T00:19:26.253+0000] {processor.py:157} INFO - Started process (PID=970) to work on /opt/airflow/dags/etl_load_postgres_dag.py
[2025-05-22T00:19:26.254+0000] {processor.py:829} INFO - Processing file /opt/airflow/dags/etl_load_postgres_dag.py for tasks to queue
[2025-05-22T00:19:26.255+0000] {logging_mixin.py:154} INFO - [2025-05-22T00:19:26.254+0000] {dagbag.py:536} INFO - Filling up the DagBag from /opt/airflow/dags/etl_load_postgres_dag.py
[2025-05-22T00:19:26.487+0000] {processor.py:839} INFO - DAG(s) dict_keys(['etl_dimensional_model']) retrieved from /opt/airflow/dags/etl_load_postgres_dag.py
[2025-05-22T00:19:26.507+0000] {logging_mixin.py:154} INFO - [2025-05-22T00:19:26.507+0000] {dag.py:2941} INFO - Sync 1 DAGs
[2025-05-22T00:19:26.517+0000] {logging_mixin.py:154} INFO - [2025-05-22T00:19:26.517+0000] {dag.py:3722} INFO - Setting next_dagrun for etl_dimensional_model to None, run_after=None
[2025-05-22T00:19:26.531+0000] {processor.py:179} INFO - Processing /opt/airflow/dags/etl_load_postgres_dag.py took 0.280 seconds
[2025-05-22T00:19:56.674+0000] {processor.py:157} INFO - Started process (PID=976) to work on /opt/airflow/dags/etl_load_postgres_dag.py
[2025-05-22T00:19:56.674+0000] {processor.py:829} INFO - Processing file /opt/airflow/dags/etl_load_postgres_dag.py for tasks to queue
[2025-05-22T00:19:56.675+0000] {logging_mixin.py:154} INFO - [2025-05-22T00:19:56.675+0000] {dagbag.py:536} INFO - Filling up the DagBag from /opt/airflow/dags/etl_load_postgres_dag.py
[2025-05-22T00:19:56.912+0000] {processor.py:839} INFO - DAG(s) dict_keys(['etl_dimensional_model']) retrieved from /opt/airflow/dags/etl_load_postgres_dag.py
[2025-05-22T00:19:56.935+0000] {logging_mixin.py:154} INFO - [2025-05-22T00:19:56.934+0000] {dag.py:2941} INFO - Sync 1 DAGs
[2025-05-22T00:19:56.944+0000] {logging_mixin.py:154} INFO - [2025-05-22T00:19:56.944+0000] {dag.py:3722} INFO - Setting next_dagrun for etl_dimensional_model to None, run_after=None
[2025-05-22T00:19:56.960+0000] {processor.py:179} INFO - Processing /opt/airflow/dags/etl_load_postgres_dag.py took 0.289 seconds
[2025-05-22T00:20:27.136+0000] {processor.py:157} INFO - Started process (PID=982) to work on /opt/airflow/dags/etl_load_postgres_dag.py
[2025-05-22T00:20:27.136+0000] {processor.py:829} INFO - Processing file /opt/airflow/dags/etl_load_postgres_dag.py for tasks to queue
[2025-05-22T00:20:27.137+0000] {logging_mixin.py:154} INFO - [2025-05-22T00:20:27.137+0000] {dagbag.py:536} INFO - Filling up the DagBag from /opt/airflow/dags/etl_load_postgres_dag.py
[2025-05-22T00:20:27.351+0000] {processor.py:839} INFO - DAG(s) dict_keys(['etl_dimensional_model']) retrieved from /opt/airflow/dags/etl_load_postgres_dag.py
[2025-05-22T00:20:27.370+0000] {logging_mixin.py:154} INFO - [2025-05-22T00:20:27.370+0000] {dag.py:2941} INFO - Sync 1 DAGs
[2025-05-22T00:20:27.380+0000] {logging_mixin.py:154} INFO - [2025-05-22T00:20:27.380+0000] {dag.py:3722} INFO - Setting next_dagrun for etl_dimensional_model to None, run_after=None
[2025-05-22T00:20:27.394+0000] {processor.py:179} INFO - Processing /opt/airflow/dags/etl_load_postgres_dag.py took 0.261 seconds
[2025-05-22T00:20:57.836+0000] {processor.py:157} INFO - Started process (PID=988) to work on /opt/airflow/dags/etl_load_postgres_dag.py
[2025-05-22T00:20:57.837+0000] {processor.py:829} INFO - Processing file /opt/airflow/dags/etl_load_postgres_dag.py for tasks to queue
[2025-05-22T00:20:57.838+0000] {logging_mixin.py:154} INFO - [2025-05-22T00:20:57.838+0000] {dagbag.py:536} INFO - Filling up the DagBag from /opt/airflow/dags/etl_load_postgres_dag.py
[2025-05-22T00:20:58.058+0000] {processor.py:839} INFO - DAG(s) dict_keys(['etl_dimensional_model']) retrieved from /opt/airflow/dags/etl_load_postgres_dag.py
[2025-05-22T00:20:58.078+0000] {logging_mixin.py:154} INFO - [2025-05-22T00:20:58.078+0000] {dag.py:2941} INFO - Sync 1 DAGs
[2025-05-22T00:20:58.088+0000] {logging_mixin.py:154} INFO - [2025-05-22T00:20:58.088+0000] {dag.py:3722} INFO - Setting next_dagrun for etl_dimensional_model to None, run_after=None
[2025-05-22T00:20:58.103+0000] {processor.py:179} INFO - Processing /opt/airflow/dags/etl_load_postgres_dag.py took 0.269 seconds
[2025-05-22T00:21:28.263+0000] {processor.py:157} INFO - Started process (PID=994) to work on /opt/airflow/dags/etl_load_postgres_dag.py
[2025-05-22T00:21:28.264+0000] {processor.py:829} INFO - Processing file /opt/airflow/dags/etl_load_postgres_dag.py for tasks to queue
[2025-05-22T00:21:28.265+0000] {logging_mixin.py:154} INFO - [2025-05-22T00:21:28.264+0000] {dagbag.py:536} INFO - Filling up the DagBag from /opt/airflow/dags/etl_load_postgres_dag.py
[2025-05-22T00:21:28.489+0000] {processor.py:839} INFO - DAG(s) dict_keys(['etl_dimensional_model']) retrieved from /opt/airflow/dags/etl_load_postgres_dag.py
[2025-05-22T00:21:28.513+0000] {logging_mixin.py:154} INFO - [2025-05-22T00:21:28.512+0000] {dag.py:2941} INFO - Sync 1 DAGs
[2025-05-22T00:21:28.523+0000] {logging_mixin.py:154} INFO - [2025-05-22T00:21:28.523+0000] {dag.py:3722} INFO - Setting next_dagrun for etl_dimensional_model to None, run_after=None
[2025-05-22T00:21:28.538+0000] {processor.py:179} INFO - Processing /opt/airflow/dags/etl_load_postgres_dag.py took 0.277 seconds
[2025-05-22T00:21:58.962+0000] {processor.py:157} INFO - Started process (PID=1000) to work on /opt/airflow/dags/etl_load_postgres_dag.py
[2025-05-22T00:21:58.962+0000] {processor.py:829} INFO - Processing file /opt/airflow/dags/etl_load_postgres_dag.py for tasks to queue
[2025-05-22T00:21:58.963+0000] {logging_mixin.py:154} INFO - [2025-05-22T00:21:58.963+0000] {dagbag.py:536} INFO - Filling up the DagBag from /opt/airflow/dags/etl_load_postgres_dag.py
[2025-05-22T00:21:59.197+0000] {processor.py:839} INFO - DAG(s) dict_keys(['etl_dimensional_model']) retrieved from /opt/airflow/dags/etl_load_postgres_dag.py
[2025-05-22T00:21:59.217+0000] {logging_mixin.py:154} INFO - [2025-05-22T00:21:59.216+0000] {dag.py:2941} INFO - Sync 1 DAGs
[2025-05-22T00:21:59.227+0000] {logging_mixin.py:154} INFO - [2025-05-22T00:21:59.227+0000] {dag.py:3722} INFO - Setting next_dagrun for etl_dimensional_model to None, run_after=None
[2025-05-22T00:21:59.241+0000] {processor.py:179} INFO - Processing /opt/airflow/dags/etl_load_postgres_dag.py took 0.281 seconds
[2025-05-22T00:22:29.952+0000] {processor.py:157} INFO - Started process (PID=1006) to work on /opt/airflow/dags/etl_load_postgres_dag.py
[2025-05-22T00:22:29.952+0000] {processor.py:829} INFO - Processing file /opt/airflow/dags/etl_load_postgres_dag.py for tasks to queue
[2025-05-22T00:22:29.953+0000] {logging_mixin.py:154} INFO - [2025-05-22T00:22:29.953+0000] {dagbag.py:536} INFO - Filling up the DagBag from /opt/airflow/dags/etl_load_postgres_dag.py
[2025-05-22T00:22:30.180+0000] {processor.py:839} INFO - DAG(s) dict_keys(['etl_dimensional_model']) retrieved from /opt/airflow/dags/etl_load_postgres_dag.py
[2025-05-22T00:22:30.199+0000] {logging_mixin.py:154} INFO - [2025-05-22T00:22:30.199+0000] {dag.py:2941} INFO - Sync 1 DAGs
[2025-05-22T00:22:30.210+0000] {logging_mixin.py:154} INFO - [2025-05-22T00:22:30.210+0000] {dag.py:3722} INFO - Setting next_dagrun for etl_dimensional_model to None, run_after=None
[2025-05-22T00:22:30.225+0000] {processor.py:179} INFO - Processing /opt/airflow/dags/etl_load_postgres_dag.py took 0.275 seconds
[2025-05-22T00:23:00.672+0000] {processor.py:157} INFO - Started process (PID=1012) to work on /opt/airflow/dags/etl_load_postgres_dag.py
[2025-05-22T00:23:00.673+0000] {processor.py:829} INFO - Processing file /opt/airflow/dags/etl_load_postgres_dag.py for tasks to queue
[2025-05-22T00:23:00.673+0000] {logging_mixin.py:154} INFO - [2025-05-22T00:23:00.673+0000] {dagbag.py:536} INFO - Filling up the DagBag from /opt/airflow/dags/etl_load_postgres_dag.py
[2025-05-22T00:23:00.976+0000] {processor.py:839} INFO - DAG(s) dict_keys(['etl_dimensional_model']) retrieved from /opt/airflow/dags/etl_load_postgres_dag.py
[2025-05-22T00:23:01.003+0000] {logging_mixin.py:154} INFO - [2025-05-22T00:23:01.002+0000] {dag.py:2941} INFO - Sync 1 DAGs
[2025-05-22T00:23:01.015+0000] {logging_mixin.py:154} INFO - [2025-05-22T00:23:01.014+0000] {dag.py:3722} INFO - Setting next_dagrun for etl_dimensional_model to None, run_after=None
[2025-05-22T00:23:01.030+0000] {processor.py:179} INFO - Processing /opt/airflow/dags/etl_load_postgres_dag.py took 0.360 seconds
[2025-05-22T00:23:31.692+0000] {processor.py:157} INFO - Started process (PID=1018) to work on /opt/airflow/dags/etl_load_postgres_dag.py
[2025-05-22T00:23:31.693+0000] {processor.py:829} INFO - Processing file /opt/airflow/dags/etl_load_postgres_dag.py for tasks to queue
[2025-05-22T00:23:31.694+0000] {logging_mixin.py:154} INFO - [2025-05-22T00:23:31.693+0000] {dagbag.py:536} INFO - Filling up the DagBag from /opt/airflow/dags/etl_load_postgres_dag.py
[2025-05-22T00:23:31.916+0000] {processor.py:839} INFO - DAG(s) dict_keys(['etl_dimensional_model']) retrieved from /opt/airflow/dags/etl_load_postgres_dag.py
[2025-05-22T00:23:31.938+0000] {logging_mixin.py:154} INFO - [2025-05-22T00:23:31.937+0000] {dag.py:2941} INFO - Sync 1 DAGs
[2025-05-22T00:23:31.948+0000] {logging_mixin.py:154} INFO - [2025-05-22T00:23:31.948+0000] {dag.py:3722} INFO - Setting next_dagrun for etl_dimensional_model to None, run_after=None
[2025-05-22T00:23:31.963+0000] {processor.py:179} INFO - Processing /opt/airflow/dags/etl_load_postgres_dag.py took 0.273 seconds
[2025-05-22T00:24:03.461+0000] {processor.py:157} INFO - Started process (PID=1024) to work on /opt/airflow/dags/etl_load_postgres_dag.py
[2025-05-22T00:24:03.462+0000] {processor.py:829} INFO - Processing file /opt/airflow/dags/etl_load_postgres_dag.py for tasks to queue
[2025-05-22T00:24:03.463+0000] {logging_mixin.py:154} INFO - [2025-05-22T00:24:03.463+0000] {dagbag.py:536} INFO - Filling up the DagBag from /opt/airflow/dags/etl_load_postgres_dag.py
[2025-05-22T00:24:03.761+0000] {processor.py:839} INFO - DAG(s) dict_keys(['etl_dimensional_model']) retrieved from /opt/airflow/dags/etl_load_postgres_dag.py
[2025-05-22T00:24:03.785+0000] {logging_mixin.py:154} INFO - [2025-05-22T00:24:03.784+0000] {dag.py:2941} INFO - Sync 1 DAGs
[2025-05-22T00:24:03.795+0000] {logging_mixin.py:154} INFO - [2025-05-22T00:24:03.795+0000] {dag.py:3722} INFO - Setting next_dagrun for etl_dimensional_model to None, run_after=None
[2025-05-22T00:24:03.810+0000] {processor.py:179} INFO - Processing /opt/airflow/dags/etl_load_postgres_dag.py took 0.351 seconds
[2025-05-22T00:24:33.945+0000] {processor.py:157} INFO - Started process (PID=1030) to work on /opt/airflow/dags/etl_load_postgres_dag.py
[2025-05-22T00:24:33.946+0000] {processor.py:829} INFO - Processing file /opt/airflow/dags/etl_load_postgres_dag.py for tasks to queue
[2025-05-22T00:24:33.947+0000] {logging_mixin.py:154} INFO - [2025-05-22T00:24:33.946+0000] {dagbag.py:536} INFO - Filling up the DagBag from /opt/airflow/dags/etl_load_postgres_dag.py
[2025-05-22T00:24:34.156+0000] {processor.py:839} INFO - DAG(s) dict_keys(['etl_dimensional_model']) retrieved from /opt/airflow/dags/etl_load_postgres_dag.py
[2025-05-22T00:24:34.178+0000] {logging_mixin.py:154} INFO - [2025-05-22T00:24:34.177+0000] {dag.py:2941} INFO - Sync 1 DAGs
[2025-05-22T00:24:34.188+0000] {logging_mixin.py:154} INFO - [2025-05-22T00:24:34.188+0000] {dag.py:3722} INFO - Setting next_dagrun for etl_dimensional_model to None, run_after=None
[2025-05-22T00:24:34.202+0000] {processor.py:179} INFO - Processing /opt/airflow/dags/etl_load_postgres_dag.py took 0.259 seconds
[2025-05-22T00:25:04.659+0000] {processor.py:157} INFO - Started process (PID=1036) to work on /opt/airflow/dags/etl_load_postgres_dag.py
[2025-05-22T00:25:04.660+0000] {processor.py:829} INFO - Processing file /opt/airflow/dags/etl_load_postgres_dag.py for tasks to queue
[2025-05-22T00:25:04.660+0000] {logging_mixin.py:154} INFO - [2025-05-22T00:25:04.660+0000] {dagbag.py:536} INFO - Filling up the DagBag from /opt/airflow/dags/etl_load_postgres_dag.py
[2025-05-22T00:25:04.875+0000] {processor.py:839} INFO - DAG(s) dict_keys(['etl_dimensional_model']) retrieved from /opt/airflow/dags/etl_load_postgres_dag.py
[2025-05-22T00:25:04.898+0000] {logging_mixin.py:154} INFO - [2025-05-22T00:25:04.898+0000] {dag.py:2941} INFO - Sync 1 DAGs
[2025-05-22T00:25:04.908+0000] {logging_mixin.py:154} INFO - [2025-05-22T00:25:04.908+0000] {dag.py:3722} INFO - Setting next_dagrun for etl_dimensional_model to None, run_after=None
[2025-05-22T00:25:04.923+0000] {processor.py:179} INFO - Processing /opt/airflow/dags/etl_load_postgres_dag.py took 0.266 seconds
[2025-05-22T00:25:35.643+0000] {processor.py:157} INFO - Started process (PID=1042) to work on /opt/airflow/dags/etl_load_postgres_dag.py
[2025-05-22T00:25:35.643+0000] {processor.py:829} INFO - Processing file /opt/airflow/dags/etl_load_postgres_dag.py for tasks to queue
[2025-05-22T00:25:35.644+0000] {logging_mixin.py:154} INFO - [2025-05-22T00:25:35.644+0000] {dagbag.py:536} INFO - Filling up the DagBag from /opt/airflow/dags/etl_load_postgres_dag.py
[2025-05-22T00:25:35.861+0000] {processor.py:839} INFO - DAG(s) dict_keys(['etl_dimensional_model']) retrieved from /opt/airflow/dags/etl_load_postgres_dag.py
[2025-05-22T00:25:35.882+0000] {logging_mixin.py:154} INFO - [2025-05-22T00:25:35.881+0000] {dag.py:2941} INFO - Sync 1 DAGs
[2025-05-22T00:25:35.892+0000] {logging_mixin.py:154} INFO - [2025-05-22T00:25:35.892+0000] {dag.py:3722} INFO - Setting next_dagrun for etl_dimensional_model to None, run_after=None
[2025-05-22T00:25:35.907+0000] {processor.py:179} INFO - Processing /opt/airflow/dags/etl_load_postgres_dag.py took 0.265 seconds
[2025-05-22T00:26:06.370+0000] {processor.py:157} INFO - Started process (PID=1048) to work on /opt/airflow/dags/etl_load_postgres_dag.py
[2025-05-22T00:26:06.371+0000] {processor.py:829} INFO - Processing file /opt/airflow/dags/etl_load_postgres_dag.py for tasks to queue
[2025-05-22T00:26:06.371+0000] {logging_mixin.py:154} INFO - [2025-05-22T00:26:06.371+0000] {dagbag.py:536} INFO - Filling up the DagBag from /opt/airflow/dags/etl_load_postgres_dag.py
[2025-05-22T00:26:06.592+0000] {processor.py:839} INFO - DAG(s) dict_keys(['etl_dimensional_model']) retrieved from /opt/airflow/dags/etl_load_postgres_dag.py
[2025-05-22T00:26:06.614+0000] {logging_mixin.py:154} INFO - [2025-05-22T00:26:06.613+0000] {dag.py:2941} INFO - Sync 1 DAGs
[2025-05-22T00:26:06.624+0000] {logging_mixin.py:154} INFO - [2025-05-22T00:26:06.623+0000] {dag.py:3722} INFO - Setting next_dagrun for etl_dimensional_model to None, run_after=None
[2025-05-22T00:26:06.637+0000] {processor.py:179} INFO - Processing /opt/airflow/dags/etl_load_postgres_dag.py took 0.270 seconds
[2025-05-22T00:26:37.352+0000] {processor.py:157} INFO - Started process (PID=1054) to work on /opt/airflow/dags/etl_load_postgres_dag.py
[2025-05-22T00:26:37.353+0000] {processor.py:829} INFO - Processing file /opt/airflow/dags/etl_load_postgres_dag.py for tasks to queue
[2025-05-22T00:26:37.353+0000] {logging_mixin.py:154} INFO - [2025-05-22T00:26:37.353+0000] {dagbag.py:536} INFO - Filling up the DagBag from /opt/airflow/dags/etl_load_postgres_dag.py
[2025-05-22T00:26:37.560+0000] {processor.py:839} INFO - DAG(s) dict_keys(['etl_dimensional_model']) retrieved from /opt/airflow/dags/etl_load_postgres_dag.py
[2025-05-22T00:26:37.581+0000] {logging_mixin.py:154} INFO - [2025-05-22T00:26:37.581+0000] {dag.py:2941} INFO - Sync 1 DAGs
[2025-05-22T00:26:37.591+0000] {logging_mixin.py:154} INFO - [2025-05-22T00:26:37.591+0000] {dag.py:3722} INFO - Setting next_dagrun for etl_dimensional_model to None, run_after=None
[2025-05-22T00:26:37.605+0000] {processor.py:179} INFO - Processing /opt/airflow/dags/etl_load_postgres_dag.py took 0.254 seconds
[2025-05-22T00:27:08.066+0000] {processor.py:157} INFO - Started process (PID=1060) to work on /opt/airflow/dags/etl_load_postgres_dag.py
[2025-05-22T00:27:08.066+0000] {processor.py:829} INFO - Processing file /opt/airflow/dags/etl_load_postgres_dag.py for tasks to queue
[2025-05-22T00:27:08.067+0000] {logging_mixin.py:154} INFO - [2025-05-22T00:27:08.067+0000] {dagbag.py:536} INFO - Filling up the DagBag from /opt/airflow/dags/etl_load_postgres_dag.py
[2025-05-22T00:27:08.364+0000] {processor.py:839} INFO - DAG(s) dict_keys(['etl_dimensional_model']) retrieved from /opt/airflow/dags/etl_load_postgres_dag.py
[2025-05-22T00:27:08.389+0000] {logging_mixin.py:154} INFO - [2025-05-22T00:27:08.388+0000] {dag.py:2941} INFO - Sync 1 DAGs
[2025-05-22T00:27:08.398+0000] {logging_mixin.py:154} INFO - [2025-05-22T00:27:08.398+0000] {dag.py:3722} INFO - Setting next_dagrun for etl_dimensional_model to None, run_after=None
[2025-05-22T00:27:08.411+0000] {processor.py:179} INFO - Processing /opt/airflow/dags/etl_load_postgres_dag.py took 0.347 seconds
[2025-05-22T00:27:39.029+0000] {processor.py:157} INFO - Started process (PID=1066) to work on /opt/airflow/dags/etl_load_postgres_dag.py
[2025-05-22T00:27:39.030+0000] {processor.py:829} INFO - Processing file /opt/airflow/dags/etl_load_postgres_dag.py for tasks to queue
[2025-05-22T00:27:39.030+0000] {logging_mixin.py:154} INFO - [2025-05-22T00:27:39.030+0000] {dagbag.py:536} INFO - Filling up the DagBag from /opt/airflow/dags/etl_load_postgres_dag.py
[2025-05-22T00:27:39.244+0000] {processor.py:839} INFO - DAG(s) dict_keys(['etl_dimensional_model']) retrieved from /opt/airflow/dags/etl_load_postgres_dag.py
[2025-05-22T00:27:39.269+0000] {logging_mixin.py:154} INFO - [2025-05-22T00:27:39.268+0000] {dag.py:2941} INFO - Sync 1 DAGs
[2025-05-22T00:27:39.281+0000] {logging_mixin.py:154} INFO - [2025-05-22T00:27:39.281+0000] {dag.py:3722} INFO - Setting next_dagrun for etl_dimensional_model to None, run_after=None
[2025-05-22T00:27:39.296+0000] {processor.py:179} INFO - Processing /opt/airflow/dags/etl_load_postgres_dag.py took 0.270 seconds
[2025-05-22T00:28:09.825+0000] {processor.py:157} INFO - Started process (PID=1072) to work on /opt/airflow/dags/etl_load_postgres_dag.py
[2025-05-22T00:28:09.826+0000] {processor.py:829} INFO - Processing file /opt/airflow/dags/etl_load_postgres_dag.py for tasks to queue
[2025-05-22T00:28:09.827+0000] {logging_mixin.py:154} INFO - [2025-05-22T00:28:09.827+0000] {dagbag.py:536} INFO - Filling up the DagBag from /opt/airflow/dags/etl_load_postgres_dag.py
[2025-05-22T00:28:10.040+0000] {processor.py:839} INFO - DAG(s) dict_keys(['etl_dimensional_model']) retrieved from /opt/airflow/dags/etl_load_postgres_dag.py
[2025-05-22T00:28:10.061+0000] {logging_mixin.py:154} INFO - [2025-05-22T00:28:10.060+0000] {dag.py:2941} INFO - Sync 1 DAGs
[2025-05-22T00:28:10.071+0000] {logging_mixin.py:154} INFO - [2025-05-22T00:28:10.071+0000] {dag.py:3722} INFO - Setting next_dagrun for etl_dimensional_model to None, run_after=None
[2025-05-22T00:28:10.084+0000] {processor.py:179} INFO - Processing /opt/airflow/dags/etl_load_postgres_dag.py took 0.261 seconds
[2025-05-22T00:28:42.761+0000] {processor.py:157} INFO - Started process (PID=1078) to work on /opt/airflow/dags/etl_load_postgres_dag.py
[2025-05-22T00:28:42.762+0000] {processor.py:829} INFO - Processing file /opt/airflow/dags/etl_load_postgres_dag.py for tasks to queue
[2025-05-22T00:28:42.762+0000] {logging_mixin.py:154} INFO - [2025-05-22T00:28:42.762+0000] {dagbag.py:536} INFO - Filling up the DagBag from /opt/airflow/dags/etl_load_postgres_dag.py
[2025-05-22T00:28:42.969+0000] {processor.py:839} INFO - DAG(s) dict_keys(['etl_dimensional_model']) retrieved from /opt/airflow/dags/etl_load_postgres_dag.py
[2025-05-22T00:28:42.987+0000] {logging_mixin.py:154} INFO - [2025-05-22T00:28:42.987+0000] {dag.py:2941} INFO - Sync 1 DAGs
[2025-05-22T00:28:42.997+0000] {logging_mixin.py:154} INFO - [2025-05-22T00:28:42.997+0000] {dag.py:3722} INFO - Setting next_dagrun for etl_dimensional_model to None, run_after=None
[2025-05-22T00:28:43.011+0000] {processor.py:179} INFO - Processing /opt/airflow/dags/etl_load_postgres_dag.py took 0.252 seconds
[2025-05-22T00:29:13.147+0000] {processor.py:157} INFO - Started process (PID=1084) to work on /opt/airflow/dags/etl_load_postgres_dag.py
[2025-05-22T00:29:13.147+0000] {processor.py:829} INFO - Processing file /opt/airflow/dags/etl_load_postgres_dag.py for tasks to queue
[2025-05-22T00:29:13.148+0000] {logging_mixin.py:154} INFO - [2025-05-22T00:29:13.148+0000] {dagbag.py:536} INFO - Filling up the DagBag from /opt/airflow/dags/etl_load_postgres_dag.py
[2025-05-22T00:29:13.361+0000] {processor.py:839} INFO - DAG(s) dict_keys(['etl_dimensional_model']) retrieved from /opt/airflow/dags/etl_load_postgres_dag.py
[2025-05-22T00:29:13.382+0000] {logging_mixin.py:154} INFO - [2025-05-22T00:29:13.381+0000] {dag.py:2941} INFO - Sync 1 DAGs
[2025-05-22T00:29:13.392+0000] {logging_mixin.py:154} INFO - [2025-05-22T00:29:13.392+0000] {dag.py:3722} INFO - Setting next_dagrun for etl_dimensional_model to None, run_after=None
[2025-05-22T00:29:13.405+0000] {processor.py:179} INFO - Processing /opt/airflow/dags/etl_load_postgres_dag.py took 0.262 seconds
[2025-05-22T00:29:43.846+0000] {processor.py:157} INFO - Started process (PID=1090) to work on /opt/airflow/dags/etl_load_postgres_dag.py
[2025-05-22T00:29:43.847+0000] {processor.py:829} INFO - Processing file /opt/airflow/dags/etl_load_postgres_dag.py for tasks to queue
[2025-05-22T00:29:43.848+0000] {logging_mixin.py:154} INFO - [2025-05-22T00:29:43.847+0000] {dagbag.py:536} INFO - Filling up the DagBag from /opt/airflow/dags/etl_load_postgres_dag.py
[2025-05-22T00:29:44.055+0000] {processor.py:839} INFO - DAG(s) dict_keys(['etl_dimensional_model']) retrieved from /opt/airflow/dags/etl_load_postgres_dag.py
[2025-05-22T00:29:44.076+0000] {logging_mixin.py:154} INFO - [2025-05-22T00:29:44.076+0000] {dag.py:2941} INFO - Sync 1 DAGs
[2025-05-22T00:29:44.086+0000] {logging_mixin.py:154} INFO - [2025-05-22T00:29:44.086+0000] {dag.py:3722} INFO - Setting next_dagrun for etl_dimensional_model to None, run_after=None
[2025-05-22T00:29:44.100+0000] {processor.py:179} INFO - Processing /opt/airflow/dags/etl_load_postgres_dag.py took 0.256 seconds
[2025-05-22T00:30:14.719+0000] {processor.py:157} INFO - Started process (PID=1096) to work on /opt/airflow/dags/etl_load_postgres_dag.py
[2025-05-22T00:30:14.719+0000] {processor.py:829} INFO - Processing file /opt/airflow/dags/etl_load_postgres_dag.py for tasks to queue
[2025-05-22T00:30:14.720+0000] {logging_mixin.py:154} INFO - [2025-05-22T00:30:14.720+0000] {dagbag.py:536} INFO - Filling up the DagBag from /opt/airflow/dags/etl_load_postgres_dag.py
[2025-05-22T00:30:14.933+0000] {processor.py:839} INFO - DAG(s) dict_keys(['etl_dimensional_model']) retrieved from /opt/airflow/dags/etl_load_postgres_dag.py
[2025-05-22T00:30:14.954+0000] {logging_mixin.py:154} INFO - [2025-05-22T00:30:14.953+0000] {dag.py:2941} INFO - Sync 1 DAGs
[2025-05-22T00:30:14.964+0000] {logging_mixin.py:154} INFO - [2025-05-22T00:30:14.964+0000] {dag.py:3722} INFO - Setting next_dagrun for etl_dimensional_model to None, run_after=None
[2025-05-22T00:30:14.978+0000] {processor.py:179} INFO - Processing /opt/airflow/dags/etl_load_postgres_dag.py took 0.261 seconds
[2025-05-22T00:30:45.441+0000] {processor.py:157} INFO - Started process (PID=1102) to work on /opt/airflow/dags/etl_load_postgres_dag.py
[2025-05-22T00:30:45.442+0000] {processor.py:829} INFO - Processing file /opt/airflow/dags/etl_load_postgres_dag.py for tasks to queue
[2025-05-22T00:30:45.443+0000] {logging_mixin.py:154} INFO - [2025-05-22T00:30:45.442+0000] {dagbag.py:536} INFO - Filling up the DagBag from /opt/airflow/dags/etl_load_postgres_dag.py
[2025-05-22T00:30:45.650+0000] {processor.py:839} INFO - DAG(s) dict_keys(['etl_dimensional_model']) retrieved from /opt/airflow/dags/etl_load_postgres_dag.py
[2025-05-22T00:30:45.672+0000] {logging_mixin.py:154} INFO - [2025-05-22T00:30:45.671+0000] {dag.py:2941} INFO - Sync 1 DAGs
[2025-05-22T00:30:45.681+0000] {logging_mixin.py:154} INFO - [2025-05-22T00:30:45.681+0000] {dag.py:3722} INFO - Setting next_dagrun for etl_dimensional_model to None, run_after=None
[2025-05-22T00:30:45.694+0000] {processor.py:179} INFO - Processing /opt/airflow/dags/etl_load_postgres_dag.py took 0.255 seconds
[2025-05-22T00:31:16.421+0000] {processor.py:157} INFO - Started process (PID=1108) to work on /opt/airflow/dags/etl_load_postgres_dag.py
[2025-05-22T00:31:16.421+0000] {processor.py:829} INFO - Processing file /opt/airflow/dags/etl_load_postgres_dag.py for tasks to queue
[2025-05-22T00:31:16.422+0000] {logging_mixin.py:154} INFO - [2025-05-22T00:31:16.422+0000] {dagbag.py:536} INFO - Filling up the DagBag from /opt/airflow/dags/etl_load_postgres_dag.py
[2025-05-22T00:31:16.631+0000] {processor.py:839} INFO - DAG(s) dict_keys(['etl_dimensional_model']) retrieved from /opt/airflow/dags/etl_load_postgres_dag.py
[2025-05-22T00:31:16.650+0000] {logging_mixin.py:154} INFO - [2025-05-22T00:31:16.650+0000] {dag.py:2941} INFO - Sync 1 DAGs
[2025-05-22T00:31:16.660+0000] {logging_mixin.py:154} INFO - [2025-05-22T00:31:16.660+0000] {dag.py:3722} INFO - Setting next_dagrun for etl_dimensional_model to None, run_after=None
[2025-05-22T00:31:16.673+0000] {processor.py:179} INFO - Processing /opt/airflow/dags/etl_load_postgres_dag.py took 0.254 seconds
[2025-05-22T00:31:47.170+0000] {processor.py:157} INFO - Started process (PID=1114) to work on /opt/airflow/dags/etl_load_postgres_dag.py
[2025-05-22T00:31:47.171+0000] {processor.py:829} INFO - Processing file /opt/airflow/dags/etl_load_postgres_dag.py for tasks to queue
[2025-05-22T00:31:47.171+0000] {logging_mixin.py:154} INFO - [2025-05-22T00:31:47.171+0000] {dagbag.py:536} INFO - Filling up the DagBag from /opt/airflow/dags/etl_load_postgres_dag.py
[2025-05-22T00:31:47.377+0000] {processor.py:839} INFO - DAG(s) dict_keys(['etl_dimensional_model']) retrieved from /opt/airflow/dags/etl_load_postgres_dag.py
[2025-05-22T00:31:47.397+0000] {logging_mixin.py:154} INFO - [2025-05-22T00:31:47.396+0000] {dag.py:2941} INFO - Sync 1 DAGs
[2025-05-22T00:31:47.407+0000] {logging_mixin.py:154} INFO - [2025-05-22T00:31:47.407+0000] {dag.py:3722} INFO - Setting next_dagrun for etl_dimensional_model to None, run_after=None
[2025-05-22T00:31:47.420+0000] {processor.py:179} INFO - Processing /opt/airflow/dags/etl_load_postgres_dag.py took 0.252 seconds
[2025-05-22T00:32:18.164+0000] {processor.py:157} INFO - Started process (PID=1120) to work on /opt/airflow/dags/etl_load_postgres_dag.py
[2025-05-22T00:32:18.165+0000] {processor.py:829} INFO - Processing file /opt/airflow/dags/etl_load_postgres_dag.py for tasks to queue
[2025-05-22T00:32:18.166+0000] {logging_mixin.py:154} INFO - [2025-05-22T00:32:18.166+0000] {dagbag.py:536} INFO - Filling up the DagBag from /opt/airflow/dags/etl_load_postgres_dag.py
[2025-05-22T00:32:18.377+0000] {processor.py:839} INFO - DAG(s) dict_keys(['etl_dimensional_model']) retrieved from /opt/airflow/dags/etl_load_postgres_dag.py
[2025-05-22T00:32:18.396+0000] {logging_mixin.py:154} INFO - [2025-05-22T00:32:18.395+0000] {dag.py:2941} INFO - Sync 1 DAGs
[2025-05-22T00:32:18.404+0000] {logging_mixin.py:154} INFO - [2025-05-22T00:32:18.404+0000] {dag.py:3722} INFO - Setting next_dagrun for etl_dimensional_model to None, run_after=None
[2025-05-22T00:32:18.418+0000] {processor.py:179} INFO - Processing /opt/airflow/dags/etl_load_postgres_dag.py took 0.255 seconds
[2025-05-22T00:32:48.885+0000] {processor.py:157} INFO - Started process (PID=1126) to work on /opt/airflow/dags/etl_load_postgres_dag.py
[2025-05-22T00:32:48.886+0000] {processor.py:829} INFO - Processing file /opt/airflow/dags/etl_load_postgres_dag.py for tasks to queue
[2025-05-22T00:32:48.886+0000] {logging_mixin.py:154} INFO - [2025-05-22T00:32:48.886+0000] {dagbag.py:536} INFO - Filling up the DagBag from /opt/airflow/dags/etl_load_postgres_dag.py
[2025-05-22T00:32:49.110+0000] {processor.py:839} INFO - DAG(s) dict_keys(['etl_dimensional_model']) retrieved from /opt/airflow/dags/etl_load_postgres_dag.py
[2025-05-22T00:32:49.134+0000] {logging_mixin.py:154} INFO - [2025-05-22T00:32:49.133+0000] {dag.py:2941} INFO - Sync 1 DAGs
[2025-05-22T00:32:49.144+0000] {logging_mixin.py:154} INFO - [2025-05-22T00:32:49.144+0000] {dag.py:3722} INFO - Setting next_dagrun for etl_dimensional_model to None, run_after=None
[2025-05-22T00:32:49.158+0000] {processor.py:179} INFO - Processing /opt/airflow/dags/etl_load_postgres_dag.py took 0.275 seconds
[2025-05-22T00:33:21.972+0000] {processor.py:157} INFO - Started process (PID=1132) to work on /opt/airflow/dags/etl_load_postgres_dag.py
[2025-05-22T00:33:21.973+0000] {processor.py:829} INFO - Processing file /opt/airflow/dags/etl_load_postgres_dag.py for tasks to queue
[2025-05-22T00:33:21.974+0000] {logging_mixin.py:154} INFO - [2025-05-22T00:33:21.973+0000] {dagbag.py:536} INFO - Filling up the DagBag from /opt/airflow/dags/etl_load_postgres_dag.py
[2025-05-22T00:33:22.266+0000] {processor.py:839} INFO - DAG(s) dict_keys(['etl_dimensional_model']) retrieved from /opt/airflow/dags/etl_load_postgres_dag.py
[2025-05-22T00:33:22.300+0000] {logging_mixin.py:154} INFO - [2025-05-22T00:33:22.299+0000] {dag.py:2941} INFO - Sync 1 DAGs
[2025-05-22T00:33:22.319+0000] {logging_mixin.py:154} INFO - [2025-05-22T00:33:22.318+0000] {dag.py:3722} INFO - Setting next_dagrun for etl_dimensional_model to None, run_after=None
[2025-05-22T00:33:22.340+0000] {processor.py:179} INFO - Processing /opt/airflow/dags/etl_load_postgres_dag.py took 0.371 seconds
[2025-05-22T00:33:52.540+0000] {processor.py:157} INFO - Started process (PID=1138) to work on /opt/airflow/dags/etl_load_postgres_dag.py
[2025-05-22T00:33:52.541+0000] {processor.py:829} INFO - Processing file /opt/airflow/dags/etl_load_postgres_dag.py for tasks to queue
[2025-05-22T00:33:52.542+0000] {logging_mixin.py:154} INFO - [2025-05-22T00:33:52.542+0000] {dagbag.py:536} INFO - Filling up the DagBag from /opt/airflow/dags/etl_load_postgres_dag.py
[2025-05-22T00:33:52.819+0000] {processor.py:839} INFO - DAG(s) dict_keys(['etl_dimensional_model']) retrieved from /opt/airflow/dags/etl_load_postgres_dag.py
[2025-05-22T00:33:52.844+0000] {logging_mixin.py:154} INFO - [2025-05-22T00:33:52.843+0000] {dag.py:2941} INFO - Sync 1 DAGs
[2025-05-22T00:33:52.855+0000] {logging_mixin.py:154} INFO - [2025-05-22T00:33:52.855+0000] {dag.py:3722} INFO - Setting next_dagrun for etl_dimensional_model to None, run_after=None
[2025-05-22T00:33:52.874+0000] {processor.py:179} INFO - Processing /opt/airflow/dags/etl_load_postgres_dag.py took 0.338 seconds
[2025-05-22T00:34:23.110+0000] {processor.py:157} INFO - Started process (PID=1144) to work on /opt/airflow/dags/etl_load_postgres_dag.py
[2025-05-22T00:34:23.111+0000] {processor.py:829} INFO - Processing file /opt/airflow/dags/etl_load_postgres_dag.py for tasks to queue
[2025-05-22T00:34:23.112+0000] {logging_mixin.py:154} INFO - [2025-05-22T00:34:23.111+0000] {dagbag.py:536} INFO - Filling up the DagBag from /opt/airflow/dags/etl_load_postgres_dag.py
[2025-05-22T00:34:23.330+0000] {processor.py:839} INFO - DAG(s) dict_keys(['etl_dimensional_model']) retrieved from /opt/airflow/dags/etl_load_postgres_dag.py
[2025-05-22T00:34:23.350+0000] {logging_mixin.py:154} INFO - [2025-05-22T00:34:23.350+0000] {dag.py:2941} INFO - Sync 1 DAGs
[2025-05-22T00:34:23.359+0000] {logging_mixin.py:154} INFO - [2025-05-22T00:34:23.359+0000] {dag.py:3722} INFO - Setting next_dagrun for etl_dimensional_model to None, run_after=None
[2025-05-22T00:34:23.374+0000] {processor.py:179} INFO - Processing /opt/airflow/dags/etl_load_postgres_dag.py took 0.267 seconds
