[2025-05-18T04:25:43.700+0000] {logging_mixin.py:188} INFO - Changing /opt/airflow/logs/dag_id=etl_dimensional_model/run_id=manual__2025-05-18T03:06:47.130177+00:00/task_id=populate_dimensional_model permission to 509
[2025-05-18T04:25:43.700+0000] {logging_mixin.py:188} INFO - Failed to change /opt/airflow/logs/dag_id=etl_dimensional_model/run_id=manual__2025-05-18T03:06:47.130177+00:00/task_id=populate_dimensional_model permission to 509: [Errno 1] Operation not permitted: '/opt/airflow/logs/dag_id=etl_dimensional_model/run_id=manual__2025-05-18T03:06:47.130177+00:00/task_id=populate_dimensional_model'
[2025-05-18T04:25:43.723+0000] {logging_mixin.py:188} INFO - Changing /opt/airflow/logs/dag_id=etl_dimensional_model/run_id=manual__2025-05-18T03:06:47.130177+00:00/task_id=populate_dimensional_model permission to 509
[2025-05-18T04:25:43.723+0000] {logging_mixin.py:188} INFO - Failed to change /opt/airflow/logs/dag_id=etl_dimensional_model/run_id=manual__2025-05-18T03:06:47.130177+00:00/task_id=populate_dimensional_model permission to 509: [Errno 1] Operation not permitted: '/opt/airflow/logs/dag_id=etl_dimensional_model/run_id=manual__2025-05-18T03:06:47.130177+00:00/task_id=populate_dimensional_model'
[2025-05-18T04:25:43.758+0000] {taskinstance.py:1957} INFO - Dependencies all met for dep_context=non-requeueable deps ti=<TaskInstance: etl_dimensional_model.populate_dimensional_model manual__2025-05-18T03:06:47.130177+00:00 [queued]>
[2025-05-18T04:25:43.765+0000] {taskinstance.py:1957} INFO - Dependencies all met for dep_context=requeueable deps ti=<TaskInstance: etl_dimensional_model.populate_dimensional_model manual__2025-05-18T03:06:47.130177+00:00 [queued]>
[2025-05-18T04:25:43.765+0000] {taskinstance.py:2171} INFO - Starting attempt 2 of 1
[2025-05-18T04:25:43.776+0000] {taskinstance.py:2192} INFO - Executing <Task(PythonOperator): populate_dimensional_model> on 2025-05-18 03:06:47.130177+00:00
[2025-05-18T04:25:43.782+0000] {standard_task_runner.py:60} INFO - Started process 1175 to run task
[2025-05-18T04:25:43.784+0000] {standard_task_runner.py:87} INFO - Running: ['airflow', 'tasks', 'run', 'etl_dimensional_model', 'populate_dimensional_model', 'manual__2025-05-18T03:06:47.130177+00:00', '--job-id', '14', '--raw', '--subdir', 'DAGS_FOLDER/etl_load_postgres_dag.py', '--cfg-path', '/tmp/tmpr2toyhkl']
[2025-05-18T04:25:43.786+0000] {standard_task_runner.py:88} INFO - Job 14: Subtask populate_dimensional_model
[2025-05-18T04:25:43.822+0000] {logging_mixin.py:188} INFO - Changing /opt/airflow/logs/dag_id=etl_dimensional_model/run_id=manual__2025-05-18T03:06:47.130177+00:00/task_id=populate_dimensional_model permission to 509
[2025-05-18T04:25:43.823+0000] {logging_mixin.py:188} INFO - Failed to change /opt/airflow/logs/dag_id=etl_dimensional_model/run_id=manual__2025-05-18T03:06:47.130177+00:00/task_id=populate_dimensional_model permission to 509: [Errno 1] Operation not permitted: '/opt/airflow/logs/dag_id=etl_dimensional_model/run_id=manual__2025-05-18T03:06:47.130177+00:00/task_id=populate_dimensional_model'
[2025-05-18T04:25:43.824+0000] {task_command.py:423} INFO - Running <TaskInstance: etl_dimensional_model.populate_dimensional_model manual__2025-05-18T03:06:47.130177+00:00 [running]> on host 96432c7fee99
[2025-05-18T04:25:44.027+0000] {taskinstance.py:2481} INFO - Exporting env vars: AIRFLOW_CTX_DAG_OWNER='airflow' AIRFLOW_CTX_DAG_ID='etl_dimensional_model' AIRFLOW_CTX_TASK_ID='populate_dimensional_model' AIRFLOW_CTX_EXECUTION_DATE='2025-05-18T03:06:47.130177+00:00' AIRFLOW_CTX_TRY_NUMBER='2' AIRFLOW_CTX_DAG_RUN_ID='manual__2025-05-18T03:06:47.130177+00:00'
[2025-05-18T08:20:09.667+0000] {taskinstance.py:2699} ERROR - Task failed with exception
Traceback (most recent call last):
  File "/home/airflow/.local/lib/python3.8/site-packages/airflow/models/taskinstance.py", line 433, in _execute_task
    result = execute_callable(context=context, **execute_callable_kwargs)
  File "/home/airflow/.local/lib/python3.8/site-packages/airflow/operators/python.py", line 199, in execute
    return_value = self.execute_callable()
  File "/home/airflow/.local/lib/python3.8/site-packages/airflow/operators/python.py", line 216, in execute_callable
    return self.python_callable(*self.op_args, **self.op_kwargs)
  File "/opt/airflow/dags/etl_load_postgres_dag.py", line 146, in populate_dimensional_model
    country_id = get_or_create_country(row['Country'], row['smoking_prevalence'])
  File "/opt/airflow/dags/etl_load_postgres_dag.py", line 112, in get_or_create_country
    cur.execute("""
psycopg2.errors.UniqueViolation: duplicate key value violates unique constraint "dim_country_country_name_key"
DETAIL:  Key (country_name)=(China) already exists.

[2025-05-18T08:20:09.679+0000] {taskinstance.py:1138} INFO - Marking task as FAILED. dag_id=etl_dimensional_model, task_id=populate_dimensional_model, execution_date=20250518T030647, start_date=20250518T042543, end_date=20250518T082009
[2025-05-18T08:20:09.709+0000] {standard_task_runner.py:107} ERROR - Failed to execute job 14 for task populate_dimensional_model (duplicate key value violates unique constraint "dim_country_country_name_key"
DETAIL:  Key (country_name)=(China) already exists.
; 1175)
[2025-05-18T08:20:09.738+0000] {local_task_job_runner.py:234} INFO - Task exited with return code 1
[2025-05-18T08:20:09.753+0000] {taskinstance.py:3281} INFO - 0 downstream tasks scheduled from follow-on schedule check
