[2025-05-16T15:40:16.852+0000] {logging_mixin.py:188} INFO - Changing /opt/airflow/logs/dag_id=etl_load_postgres/run_id=manual__2025-05-16T15:40:15.617536+00:00/task_id=extract_csv permission to 509
[2025-05-16T15:40:16.852+0000] {logging_mixin.py:188} INFO - Failed to change /opt/airflow/logs/dag_id=etl_load_postgres/run_id=manual__2025-05-16T15:40:15.617536+00:00/task_id=extract_csv permission to 509: [Errno 1] Operation not permitted: '/opt/airflow/logs/dag_id=etl_load_postgres/run_id=manual__2025-05-16T15:40:15.617536+00:00/task_id=extract_csv'
[2025-05-16T15:40:16.879+0000] {logging_mixin.py:188} INFO - Changing /opt/airflow/logs/dag_id=etl_load_postgres/run_id=manual__2025-05-16T15:40:15.617536+00:00/task_id=extract_csv permission to 509
[2025-05-16T15:40:16.879+0000] {logging_mixin.py:188} INFO - Failed to change /opt/airflow/logs/dag_id=etl_load_postgres/run_id=manual__2025-05-16T15:40:15.617536+00:00/task_id=extract_csv permission to 509: [Errno 1] Operation not permitted: '/opt/airflow/logs/dag_id=etl_load_postgres/run_id=manual__2025-05-16T15:40:15.617536+00:00/task_id=extract_csv'
[2025-05-16T15:40:16.909+0000] {taskinstance.py:1957} INFO - Dependencies all met for dep_context=non-requeueable deps ti=<TaskInstance: etl_load_postgres.extract_csv manual__2025-05-16T15:40:15.617536+00:00 [queued]>
[2025-05-16T15:40:16.915+0000] {taskinstance.py:1957} INFO - Dependencies all met for dep_context=requeueable deps ti=<TaskInstance: etl_load_postgres.extract_csv manual__2025-05-16T15:40:15.617536+00:00 [queued]>
[2025-05-16T15:40:16.916+0000] {taskinstance.py:2171} INFO - Starting attempt 1 of 1
[2025-05-16T15:40:16.926+0000] {taskinstance.py:2192} INFO - Executing <Task(PythonOperator): extract_csv> on 2025-05-16 15:40:15.617536+00:00
[2025-05-16T15:40:16.931+0000] {standard_task_runner.py:60} INFO - Started process 202 to run task
[2025-05-16T15:40:16.933+0000] {standard_task_runner.py:87} INFO - Running: ['airflow', 'tasks', 'run', 'etl_load_postgres', 'extract_csv', 'manual__2025-05-16T15:40:15.617536+00:00', '--job-id', '2', '--raw', '--subdir', 'DAGS_FOLDER/etl_load_postgres_dag.py', '--cfg-path', '/tmp/tmpu6d_k3nj']
[2025-05-16T15:40:16.935+0000] {standard_task_runner.py:88} INFO - Job 2: Subtask extract_csv
[2025-05-16T15:40:16.976+0000] {logging_mixin.py:188} INFO - Changing /opt/airflow/logs/dag_id=etl_load_postgres/run_id=manual__2025-05-16T15:40:15.617536+00:00/task_id=extract_csv permission to 509
[2025-05-16T15:40:16.977+0000] {logging_mixin.py:188} INFO - Failed to change /opt/airflow/logs/dag_id=etl_load_postgres/run_id=manual__2025-05-16T15:40:15.617536+00:00/task_id=extract_csv permission to 509: [Errno 1] Operation not permitted: '/opt/airflow/logs/dag_id=etl_load_postgres/run_id=manual__2025-05-16T15:40:15.617536+00:00/task_id=extract_csv'
[2025-05-16T15:40:16.978+0000] {task_command.py:423} INFO - Running <TaskInstance: etl_load_postgres.extract_csv manual__2025-05-16T15:40:15.617536+00:00 [running]> on host e80584c9a277
[2025-05-16T15:40:17.169+0000] {taskinstance.py:2481} INFO - Exporting env vars: AIRFLOW_CTX_DAG_OWNER='airflow' AIRFLOW_CTX_DAG_ID='etl_load_postgres' AIRFLOW_CTX_TASK_ID='extract_csv' AIRFLOW_CTX_EXECUTION_DATE='2025-05-16T15:40:15.617536+00:00' AIRFLOW_CTX_TRY_NUMBER='1' AIRFLOW_CTX_DAG_RUN_ID='manual__2025-05-16T15:40:15.617536+00:00'
[2025-05-16T15:40:17.172+0000] {taskinstance.py:2699} ERROR - Task failed with exception
Traceback (most recent call last):
  File "/home/airflow/.local/lib/python3.8/site-packages/airflow/models/taskinstance.py", line 433, in _execute_task
    result = execute_callable(context=context, **execute_callable_kwargs)
  File "/home/airflow/.local/lib/python3.8/site-packages/airflow/operators/python.py", line 199, in execute
    return_value = self.execute_callable()
  File "/home/airflow/.local/lib/python3.8/site-packages/airflow/operators/python.py", line 216, in execute_callable
    return self.python_callable(*self.op_args, **self.op_kwargs)
  File "/opt/airflow/dags/etl_load_postgres_dag.py", line 14, in extract_csv
    df = pd.read_csv(CSV_PATH)
  File "/home/airflow/.local/lib/python3.8/site-packages/pandas/io/parsers/readers.py", line 912, in read_csv
    return _read(filepath_or_buffer, kwds)
  File "/home/airflow/.local/lib/python3.8/site-packages/pandas/io/parsers/readers.py", line 577, in _read
    parser = TextFileReader(filepath_or_buffer, **kwds)
  File "/home/airflow/.local/lib/python3.8/site-packages/pandas/io/parsers/readers.py", line 1407, in __init__
    self._engine = self._make_engine(f, self.engine)
  File "/home/airflow/.local/lib/python3.8/site-packages/pandas/io/parsers/readers.py", line 1661, in _make_engine
    self.handles = get_handle(
  File "/home/airflow/.local/lib/python3.8/site-packages/pandas/io/common.py", line 859, in get_handle
    handle = open(
FileNotFoundError: [Errno 2] No such file or directory: '/opt/airflow/dags/../../DATASET/merge_dataset_cleaned.csv'
[2025-05-16T15:40:17.182+0000] {taskinstance.py:1138} INFO - Marking task as FAILED. dag_id=etl_load_postgres, task_id=extract_csv, execution_date=20250516T154015, start_date=20250516T154016, end_date=20250516T154017
[2025-05-16T15:40:17.190+0000] {standard_task_runner.py:107} ERROR - Failed to execute job 2 for task extract_csv ([Errno 2] No such file or directory: '/opt/airflow/dags/../../DATASET/merge_dataset_cleaned.csv'; 202)
[2025-05-16T15:40:17.226+0000] {local_task_job_runner.py:234} INFO - Task exited with return code 1
[2025-05-16T15:40:17.244+0000] {taskinstance.py:3281} INFO - 0 downstream tasks scheduled from follow-on schedule check
