[2025-05-18T13:39:51.132+0000] {logging_mixin.py:188} INFO - Changing /opt/airflow/logs/dag_id=etl_dimensional_model/run_id=manual__2025-05-18T13:39:41.357674+00:00/task_id=populate_dimensional_model permission to 509
[2025-05-18T13:39:51.132+0000] {logging_mixin.py:188} INFO - Failed to change /opt/airflow/logs/dag_id=etl_dimensional_model/run_id=manual__2025-05-18T13:39:41.357674+00:00/task_id=populate_dimensional_model permission to 509: [Errno 1] Operation not permitted: '/opt/airflow/logs/dag_id=etl_dimensional_model/run_id=manual__2025-05-18T13:39:41.357674+00:00/task_id=populate_dimensional_model'
[2025-05-18T13:39:51.153+0000] {logging_mixin.py:188} INFO - Changing /opt/airflow/logs/dag_id=etl_dimensional_model/run_id=manual__2025-05-18T13:39:41.357674+00:00/task_id=populate_dimensional_model permission to 509
[2025-05-18T13:39:51.153+0000] {logging_mixin.py:188} INFO - Failed to change /opt/airflow/logs/dag_id=etl_dimensional_model/run_id=manual__2025-05-18T13:39:41.357674+00:00/task_id=populate_dimensional_model permission to 509: [Errno 1] Operation not permitted: '/opt/airflow/logs/dag_id=etl_dimensional_model/run_id=manual__2025-05-18T13:39:41.357674+00:00/task_id=populate_dimensional_model'
[2025-05-18T13:39:51.184+0000] {taskinstance.py:1957} INFO - Dependencies all met for dep_context=non-requeueable deps ti=<TaskInstance: etl_dimensional_model.populate_dimensional_model manual__2025-05-18T13:39:41.357674+00:00 [queued]>
[2025-05-18T13:39:51.191+0000] {taskinstance.py:1957} INFO - Dependencies all met for dep_context=requeueable deps ti=<TaskInstance: etl_dimensional_model.populate_dimensional_model manual__2025-05-18T13:39:41.357674+00:00 [queued]>
[2025-05-18T13:39:51.191+0000] {taskinstance.py:2171} INFO - Starting attempt 1 of 1
[2025-05-18T13:39:51.202+0000] {taskinstance.py:2192} INFO - Executing <Task(PythonOperator): populate_dimensional_model> on 2025-05-18 13:39:41.357674+00:00
[2025-05-18T13:39:51.208+0000] {standard_task_runner.py:60} INFO - Started process 224 to run task
[2025-05-18T13:39:51.209+0000] {standard_task_runner.py:87} INFO - Running: ['airflow', 'tasks', 'run', 'etl_dimensional_model', 'populate_dimensional_model', 'manual__2025-05-18T13:39:41.357674+00:00', '--job-id', '7', '--raw', '--subdir', 'DAGS_FOLDER/etl_load_postgres_dag.py', '--cfg-path', '/tmp/tmpvd4b_qkm']
[2025-05-18T13:39:51.211+0000] {standard_task_runner.py:88} INFO - Job 7: Subtask populate_dimensional_model
[2025-05-18T13:39:51.247+0000] {logging_mixin.py:188} INFO - Changing /opt/airflow/logs/dag_id=etl_dimensional_model/run_id=manual__2025-05-18T13:39:41.357674+00:00/task_id=populate_dimensional_model permission to 509
[2025-05-18T13:39:51.248+0000] {logging_mixin.py:188} INFO - Failed to change /opt/airflow/logs/dag_id=etl_dimensional_model/run_id=manual__2025-05-18T13:39:41.357674+00:00/task_id=populate_dimensional_model permission to 509: [Errno 1] Operation not permitted: '/opt/airflow/logs/dag_id=etl_dimensional_model/run_id=manual__2025-05-18T13:39:41.357674+00:00/task_id=populate_dimensional_model'
[2025-05-18T13:39:51.249+0000] {task_command.py:423} INFO - Running <TaskInstance: etl_dimensional_model.populate_dimensional_model manual__2025-05-18T13:39:41.357674+00:00 [running]> on host 13162c30a203
[2025-05-18T13:39:51.408+0000] {taskinstance.py:2481} INFO - Exporting env vars: AIRFLOW_CTX_DAG_OWNER='airflow' AIRFLOW_CTX_DAG_ID='etl_dimensional_model' AIRFLOW_CTX_TASK_ID='populate_dimensional_model' AIRFLOW_CTX_EXECUTION_DATE='2025-05-18T13:39:41.357674+00:00' AIRFLOW_CTX_TRY_NUMBER='1' AIRFLOW_CTX_DAG_RUN_ID='manual__2025-05-18T13:39:41.357674+00:00'
[2025-05-18T13:40:32.905+0000] {local_task_job_runner.py:121} ERROR - Received SIGTERM. Terminating subprocesses
[2025-05-18T13:40:32.908+0000] {process_utils.py:131} INFO - Sending 15 to group 224. PIDs of all processes in the group: [224]
[2025-05-18T13:40:32.909+0000] {process_utils.py:86} INFO - Sending the signal 15 to group 224
[2025-05-18T13:40:32.910+0000] {taskinstance.py:2451} ERROR - Received SIGTERM. Terminating subprocesses.
[2025-05-18T13:40:32.922+0000] {taskinstance.py:2699} ERROR - Task failed with exception
Traceback (most recent call last):
  File "/home/airflow/.local/lib/python3.8/site-packages/airflow/models/taskinstance.py", line 433, in _execute_task
    result = execute_callable(context=context, **execute_callable_kwargs)
  File "/home/airflow/.local/lib/python3.8/site-packages/airflow/operators/python.py", line 199, in execute
    return_value = self.execute_callable()
  File "/home/airflow/.local/lib/python3.8/site-packages/airflow/operators/python.py", line 216, in execute_callable
    return self.python_callable(*self.op_args, **self.op_kwargs)
  File "/opt/airflow/dags/etl_load_postgres_dag.py", line 154, in populate_dimensional_model
    cancer_stage_id = get_or_create_id('dim_cancer_stage', 'cancer_stage', row['Cancer_Stage'])
  File "/opt/airflow/dags/etl_load_postgres_dag.py", line 123, in get_or_create_id
    cur.execute(f"SELECT id FROM {table} WHERE {column} = %s", (value,))
  File "/usr/local/lib/python3.8/encodings/utf_8.py", line 15, in decode
    def decode(input, errors='strict'):
  File "/home/airflow/.local/lib/python3.8/site-packages/airflow/models/taskinstance.py", line 2453, in signal_handler
    raise AirflowException("Task received SIGTERM signal")
airflow.exceptions.AirflowException: Task received SIGTERM signal
[2025-05-18T13:40:32.929+0000] {taskinstance.py:1138} INFO - Marking task as FAILED. dag_id=etl_dimensional_model, task_id=populate_dimensional_model, execution_date=20250518T133941, start_date=20250518T133951, end_date=20250518T134032
[2025-05-18T13:40:32.944+0000] {standard_task_runner.py:107} ERROR - Failed to execute job 7 for task populate_dimensional_model (Task received SIGTERM signal; 224)
[2025-05-18T13:40:33.002+0000] {process_utils.py:79} INFO - Process psutil.Process(pid=224, status='terminated', exitcode=1, started='13:39:50') (224) terminated with exit code 1
[2025-05-18T13:40:33.003+0000] {local_task_job_runner.py:234} INFO - Task exited with return code 143
[2025-05-18T13:40:33.019+0000] {taskinstance.py:3281} INFO - 0 downstream tasks scheduled from follow-on schedule check
