[2025-05-18T01:38:48.793+0000] {logging_mixin.py:188} INFO - Changing /opt/airflow/logs/dag_id=etl_dimensional_model/run_id=manual__2025-05-18T01:38:43.199891+00:00/task_id=merge_data permission to 509
[2025-05-18T01:38:48.794+0000] {logging_mixin.py:188} INFO - Failed to change /opt/airflow/logs/dag_id=etl_dimensional_model/run_id=manual__2025-05-18T01:38:43.199891+00:00/task_id=merge_data permission to 509: [Errno 1] Operation not permitted: '/opt/airflow/logs/dag_id=etl_dimensional_model/run_id=manual__2025-05-18T01:38:43.199891+00:00/task_id=merge_data'
[2025-05-18T01:38:48.817+0000] {logging_mixin.py:188} INFO - Changing /opt/airflow/logs/dag_id=etl_dimensional_model/run_id=manual__2025-05-18T01:38:43.199891+00:00/task_id=merge_data permission to 509
[2025-05-18T01:38:48.818+0000] {logging_mixin.py:188} INFO - Failed to change /opt/airflow/logs/dag_id=etl_dimensional_model/run_id=manual__2025-05-18T01:38:43.199891+00:00/task_id=merge_data permission to 509: [Errno 1] Operation not permitted: '/opt/airflow/logs/dag_id=etl_dimensional_model/run_id=manual__2025-05-18T01:38:43.199891+00:00/task_id=merge_data'
[2025-05-18T01:38:48.850+0000] {taskinstance.py:1957} INFO - Dependencies all met for dep_context=non-requeueable deps ti=<TaskInstance: etl_dimensional_model.merge_data manual__2025-05-18T01:38:43.199891+00:00 [queued]>
[2025-05-18T01:38:48.856+0000] {taskinstance.py:1957} INFO - Dependencies all met for dep_context=requeueable deps ti=<TaskInstance: etl_dimensional_model.merge_data manual__2025-05-18T01:38:43.199891+00:00 [queued]>
[2025-05-18T01:38:48.857+0000] {taskinstance.py:2171} INFO - Starting attempt 1 of 1
[2025-05-18T01:38:48.868+0000] {taskinstance.py:2192} INFO - Executing <Task(PythonOperator): merge_data> on 2025-05-18 01:38:43.199891+00:00
[2025-05-18T01:38:48.873+0000] {standard_task_runner.py:60} INFO - Started process 227 to run task
[2025-05-18T01:38:48.876+0000] {standard_task_runner.py:87} INFO - Running: ['airflow', 'tasks', 'run', 'etl_dimensional_model', 'merge_data', 'manual__2025-05-18T01:38:43.199891+00:00', '--job-id', '6', '--raw', '--subdir', 'DAGS_FOLDER/etl_load_postgres_dag.py', '--cfg-path', '/tmp/tmpgl6d830x']
[2025-05-18T01:38:48.877+0000] {standard_task_runner.py:88} INFO - Job 6: Subtask merge_data
[2025-05-18T01:38:48.916+0000] {logging_mixin.py:188} INFO - Changing /opt/airflow/logs/dag_id=etl_dimensional_model/run_id=manual__2025-05-18T01:38:43.199891+00:00/task_id=merge_data permission to 509
[2025-05-18T01:38:48.916+0000] {logging_mixin.py:188} INFO - Failed to change /opt/airflow/logs/dag_id=etl_dimensional_model/run_id=manual__2025-05-18T01:38:43.199891+00:00/task_id=merge_data permission to 509: [Errno 1] Operation not permitted: '/opt/airflow/logs/dag_id=etl_dimensional_model/run_id=manual__2025-05-18T01:38:43.199891+00:00/task_id=merge_data'
[2025-05-18T01:38:48.918+0000] {task_command.py:423} INFO - Running <TaskInstance: etl_dimensional_model.merge_data manual__2025-05-18T01:38:43.199891+00:00 [running]> on host 5b6c1a3d0f47
[2025-05-18T01:38:49.121+0000] {taskinstance.py:2481} INFO - Exporting env vars: AIRFLOW_CTX_DAG_OWNER='airflow' AIRFLOW_CTX_DAG_ID='etl_dimensional_model' AIRFLOW_CTX_TASK_ID='merge_data' AIRFLOW_CTX_EXECUTION_DATE='2025-05-18T01:38:43.199891+00:00' AIRFLOW_CTX_TRY_NUMBER='1' AIRFLOW_CTX_DAG_RUN_ID='manual__2025-05-18T01:38:43.199891+00:00'
[2025-05-18T01:38:49.430+0000] {taskinstance.py:2699} ERROR - Task failed with exception
Traceback (most recent call last):
  File "/home/airflow/.local/lib/python3.8/site-packages/airflow/models/taskinstance.py", line 433, in _execute_task
    result = execute_callable(context=context, **execute_callable_kwargs)
  File "/home/airflow/.local/lib/python3.8/site-packages/airflow/operators/python.py", line 199, in execute
    return_value = self.execute_callable()
  File "/home/airflow/.local/lib/python3.8/site-packages/airflow/operators/python.py", line 216, in execute_callable
    return self.python_callable(*self.op_args, **self.op_kwargs)
  File "/opt/airflow/dags/etl_load_postgres_dag.py", line 77, in merge_data
    df_api = pd.read_csv(API_PATH)
  File "/home/airflow/.local/lib/python3.8/site-packages/pandas/io/parsers/readers.py", line 912, in read_csv
    return _read(filepath_or_buffer, kwds)
  File "/home/airflow/.local/lib/python3.8/site-packages/pandas/io/parsers/readers.py", line 577, in _read
    parser = TextFileReader(filepath_or_buffer, **kwds)
  File "/home/airflow/.local/lib/python3.8/site-packages/pandas/io/parsers/readers.py", line 1407, in __init__
    self._engine = self._make_engine(f, self.engine)
  File "/home/airflow/.local/lib/python3.8/site-packages/pandas/io/parsers/readers.py", line 1661, in _make_engine
    self.handles = get_handle(
  File "/home/airflow/.local/lib/python3.8/site-packages/pandas/io/common.py", line 859, in get_handle
    handle = open(
FileNotFoundError: [Errno 2] No such file or directory: '/opt/airflow/dags/temp_api_data.csv'
[2025-05-18T01:38:49.441+0000] {taskinstance.py:1138} INFO - Marking task as FAILED. dag_id=etl_dimensional_model, task_id=merge_data, execution_date=20250518T013843, start_date=20250518T013848, end_date=20250518T013849
[2025-05-18T01:38:49.451+0000] {standard_task_runner.py:107} ERROR - Failed to execute job 6 for task merge_data ([Errno 2] No such file or directory: '/opt/airflow/dags/temp_api_data.csv'; 227)
[2025-05-18T01:38:49.466+0000] {local_task_job_runner.py:234} INFO - Task exited with return code 1
[2025-05-18T01:38:49.486+0000] {taskinstance.py:3281} INFO - 0 downstream tasks scheduled from follow-on schedule check
