[2025-05-18T01:39:19.043+0000] {logging_mixin.py:188} INFO - Changing /opt/airflow/logs/dag_id=etl_dimensional_model/run_id=manual__2025-05-18T01:38:58.567319+00:00/task_id=populate_dimensional_model permission to 509
[2025-05-18T01:39:19.044+0000] {logging_mixin.py:188} INFO - Failed to change /opt/airflow/logs/dag_id=etl_dimensional_model/run_id=manual__2025-05-18T01:38:58.567319+00:00/task_id=populate_dimensional_model permission to 509: [Errno 1] Operation not permitted: '/opt/airflow/logs/dag_id=etl_dimensional_model/run_id=manual__2025-05-18T01:38:58.567319+00:00/task_id=populate_dimensional_model'
[2025-05-18T01:39:19.072+0000] {logging_mixin.py:188} INFO - Changing /opt/airflow/logs/dag_id=etl_dimensional_model/run_id=manual__2025-05-18T01:38:58.567319+00:00/task_id=populate_dimensional_model permission to 509
[2025-05-18T01:39:19.073+0000] {logging_mixin.py:188} INFO - Failed to change /opt/airflow/logs/dag_id=etl_dimensional_model/run_id=manual__2025-05-18T01:38:58.567319+00:00/task_id=populate_dimensional_model permission to 509: [Errno 1] Operation not permitted: '/opt/airflow/logs/dag_id=etl_dimensional_model/run_id=manual__2025-05-18T01:38:58.567319+00:00/task_id=populate_dimensional_model'
[2025-05-18T01:39:19.108+0000] {taskinstance.py:1957} INFO - Dependencies all met for dep_context=non-requeueable deps ti=<TaskInstance: etl_dimensional_model.populate_dimensional_model manual__2025-05-18T01:38:58.567319+00:00 [queued]>
[2025-05-18T01:39:19.115+0000] {taskinstance.py:1957} INFO - Dependencies all met for dep_context=requeueable deps ti=<TaskInstance: etl_dimensional_model.populate_dimensional_model manual__2025-05-18T01:38:58.567319+00:00 [queued]>
[2025-05-18T01:39:19.115+0000] {taskinstance.py:2171} INFO - Starting attempt 1 of 1
[2025-05-18T01:39:19.127+0000] {taskinstance.py:2192} INFO - Executing <Task(PythonOperator): populate_dimensional_model> on 2025-05-18 01:38:58.567319+00:00
[2025-05-18T01:39:19.132+0000] {standard_task_runner.py:60} INFO - Started process 251 to run task
[2025-05-18T01:39:19.134+0000] {standard_task_runner.py:87} INFO - Running: ['airflow', 'tasks', 'run', 'etl_dimensional_model', 'populate_dimensional_model', 'manual__2025-05-18T01:38:58.567319+00:00', '--job-id', '12', '--raw', '--subdir', 'DAGS_FOLDER/etl_load_postgres_dag.py', '--cfg-path', '/tmp/tmpkaep5brz']
[2025-05-18T01:39:19.136+0000] {standard_task_runner.py:88} INFO - Job 12: Subtask populate_dimensional_model
[2025-05-18T01:39:19.176+0000] {logging_mixin.py:188} INFO - Changing /opt/airflow/logs/dag_id=etl_dimensional_model/run_id=manual__2025-05-18T01:38:58.567319+00:00/task_id=populate_dimensional_model permission to 509
[2025-05-18T01:39:19.177+0000] {logging_mixin.py:188} INFO - Failed to change /opt/airflow/logs/dag_id=etl_dimensional_model/run_id=manual__2025-05-18T01:38:58.567319+00:00/task_id=populate_dimensional_model permission to 509: [Errno 1] Operation not permitted: '/opt/airflow/logs/dag_id=etl_dimensional_model/run_id=manual__2025-05-18T01:38:58.567319+00:00/task_id=populate_dimensional_model'
[2025-05-18T01:39:19.178+0000] {task_command.py:423} INFO - Running <TaskInstance: etl_dimensional_model.populate_dimensional_model manual__2025-05-18T01:38:58.567319+00:00 [running]> on host 5b6c1a3d0f47
[2025-05-18T01:39:19.369+0000] {taskinstance.py:2481} INFO - Exporting env vars: AIRFLOW_CTX_DAG_OWNER='airflow' AIRFLOW_CTX_DAG_ID='etl_dimensional_model' AIRFLOW_CTX_TASK_ID='populate_dimensional_model' AIRFLOW_CTX_EXECUTION_DATE='2025-05-18T01:38:58.567319+00:00' AIRFLOW_CTX_TRY_NUMBER='1' AIRFLOW_CTX_DAG_RUN_ID='manual__2025-05-18T01:38:58.567319+00:00'
[2025-05-18T01:39:22.690+0000] {taskinstance.py:2699} ERROR - Task failed with exception
Traceback (most recent call last):
  File "/home/airflow/.local/lib/python3.8/site-packages/airflow/models/taskinstance.py", line 433, in _execute_task
    result = execute_callable(context=context, **execute_callable_kwargs)
  File "/home/airflow/.local/lib/python3.8/site-packages/airflow/operators/python.py", line 199, in execute
    return_value = self.execute_callable()
  File "/home/airflow/.local/lib/python3.8/site-packages/airflow/operators/python.py", line 216, in execute_callable
    return self.python_callable(*self.op_args, **self.op_kwargs)
  File "/opt/airflow/dags/etl_load_postgres_dag.py", line 107, in populate_dimensional_model
    tratamiento_id = get_or_create_id('dim_tratamiento', 'treatment_type', row['Treatment_Type'])
  File "/opt/airflow/dags/etl_load_postgres_dag.py", line 96, in get_or_create_id
    cur.execute(f"SELECT id FROM {table} WHERE {column} = %s", (value,))
psycopg2.errors.UndefinedFunction: operator does not exist: character varying = double precision
LINE 1: ...LECT id FROM dim_tratamiento WHERE treatment_type = 'NaN'::f...
                                                             ^
HINT:  No operator matches the given name and argument types. You might need to add explicit type casts.

[2025-05-18T01:39:22.701+0000] {taskinstance.py:1138} INFO - Marking task as FAILED. dag_id=etl_dimensional_model, task_id=populate_dimensional_model, execution_date=20250518T013858, start_date=20250518T013919, end_date=20250518T013922
[2025-05-18T01:39:22.711+0000] {standard_task_runner.py:107} ERROR - Failed to execute job 12 for task populate_dimensional_model (operator does not exist: character varying = double precision
LINE 1: ...LECT id FROM dim_tratamiento WHERE treatment_type = 'NaN'::f...
                                                             ^
HINT:  No operator matches the given name and argument types. You might need to add explicit type casts.
; 251)
[2025-05-18T01:39:22.785+0000] {local_task_job_runner.py:234} INFO - Task exited with return code 1
[2025-05-18T01:39:22.799+0000] {taskinstance.py:3281} INFO - 0 downstream tasks scheduled from follow-on schedule check
