[2025-05-18T11:28:39.518+0000] {logging_mixin.py:188} INFO - Changing /opt/airflow/logs/dag_id=etl_dimensional_model/run_id=manual__2025-05-18T11:28:32.622562+00:00/task_id=merge_data permission to 509
[2025-05-18T11:28:39.519+0000] {logging_mixin.py:188} INFO - Failed to change /opt/airflow/logs/dag_id=etl_dimensional_model/run_id=manual__2025-05-18T11:28:32.622562+00:00/task_id=merge_data permission to 509: [Errno 1] Operation not permitted: '/opt/airflow/logs/dag_id=etl_dimensional_model/run_id=manual__2025-05-18T11:28:32.622562+00:00/task_id=merge_data'
[2025-05-18T11:28:39.547+0000] {logging_mixin.py:188} INFO - Changing /opt/airflow/logs/dag_id=etl_dimensional_model/run_id=manual__2025-05-18T11:28:32.622562+00:00/task_id=merge_data permission to 509
[2025-05-18T11:28:39.548+0000] {logging_mixin.py:188} INFO - Failed to change /opt/airflow/logs/dag_id=etl_dimensional_model/run_id=manual__2025-05-18T11:28:32.622562+00:00/task_id=merge_data permission to 509: [Errno 1] Operation not permitted: '/opt/airflow/logs/dag_id=etl_dimensional_model/run_id=manual__2025-05-18T11:28:32.622562+00:00/task_id=merge_data'
[2025-05-18T11:28:39.583+0000] {taskinstance.py:1957} INFO - Dependencies all met for dep_context=non-requeueable deps ti=<TaskInstance: etl_dimensional_model.merge_data manual__2025-05-18T11:28:32.622562+00:00 [queued]>
[2025-05-18T11:28:39.590+0000] {taskinstance.py:1957} INFO - Dependencies all met for dep_context=requeueable deps ti=<TaskInstance: etl_dimensional_model.merge_data manual__2025-05-18T11:28:32.622562+00:00 [queued]>
[2025-05-18T11:28:39.591+0000] {taskinstance.py:2171} INFO - Starting attempt 1 of 1
[2025-05-18T11:28:39.602+0000] {taskinstance.py:2192} INFO - Executing <Task(PythonOperator): merge_data> on 2025-05-18 11:28:32.622562+00:00
[2025-05-18T11:28:39.607+0000] {standard_task_runner.py:60} INFO - Started process 227 to run task
[2025-05-18T11:28:39.609+0000] {standard_task_runner.py:87} INFO - Running: ['airflow', 'tasks', 'run', 'etl_dimensional_model', 'merge_data', 'manual__2025-05-18T11:28:32.622562+00:00', '--job-id', '6', '--raw', '--subdir', 'DAGS_FOLDER/etl_load_postgres_dag.py', '--cfg-path', '/tmp/tmp9rvd18dl']
[2025-05-18T11:28:39.611+0000] {standard_task_runner.py:88} INFO - Job 6: Subtask merge_data
[2025-05-18T11:28:39.651+0000] {logging_mixin.py:188} INFO - Changing /opt/airflow/logs/dag_id=etl_dimensional_model/run_id=manual__2025-05-18T11:28:32.622562+00:00/task_id=merge_data permission to 509
[2025-05-18T11:28:39.651+0000] {logging_mixin.py:188} INFO - Failed to change /opt/airflow/logs/dag_id=etl_dimensional_model/run_id=manual__2025-05-18T11:28:32.622562+00:00/task_id=merge_data permission to 509: [Errno 1] Operation not permitted: '/opt/airflow/logs/dag_id=etl_dimensional_model/run_id=manual__2025-05-18T11:28:32.622562+00:00/task_id=merge_data'
[2025-05-18T11:28:39.653+0000] {task_command.py:423} INFO - Running <TaskInstance: etl_dimensional_model.merge_data manual__2025-05-18T11:28:32.622562+00:00 [running]> on host ce33c7a1bc58
[2025-05-18T11:28:39.836+0000] {taskinstance.py:2481} INFO - Exporting env vars: AIRFLOW_CTX_DAG_OWNER='airflow' AIRFLOW_CTX_DAG_ID='etl_dimensional_model' AIRFLOW_CTX_TASK_ID='merge_data' AIRFLOW_CTX_EXECUTION_DATE='2025-05-18T11:28:32.622562+00:00' AIRFLOW_CTX_TRY_NUMBER='1' AIRFLOW_CTX_DAG_RUN_ID='manual__2025-05-18T11:28:32.622562+00:00'
[2025-05-18T11:28:40.263+0000] {taskinstance.py:2699} ERROR - Task failed with exception
Traceback (most recent call last):
  File "/home/airflow/.local/lib/python3.8/site-packages/airflow/models/taskinstance.py", line 433, in _execute_task
    result = execute_callable(context=context, **execute_callable_kwargs)
  File "/home/airflow/.local/lib/python3.8/site-packages/airflow/operators/python.py", line 199, in execute
    return_value = self.execute_callable()
  File "/home/airflow/.local/lib/python3.8/site-packages/airflow/operators/python.py", line 216, in execute_callable
    return self.python_callable(*self.op_args, **self.op_kwargs)
  File "/opt/airflow/dags/etl_load_postgres_dag.py", line 93, in merge_data
    df_merged.drop(columns=['country_code', 'country'], inplace=True)
  File "/home/airflow/.local/lib/python3.8/site-packages/pandas/core/frame.py", line 5258, in drop
    return super().drop(
  File "/home/airflow/.local/lib/python3.8/site-packages/pandas/core/generic.py", line 4549, in drop
    obj = obj._drop_axis(labels, axis, level=level, errors=errors)
  File "/home/airflow/.local/lib/python3.8/site-packages/pandas/core/generic.py", line 4591, in _drop_axis
    new_axis = axis.drop(labels, errors=errors)
  File "/home/airflow/.local/lib/python3.8/site-packages/pandas/core/indexes/base.py", line 6699, in drop
    raise KeyError(f"{list(labels[mask])} not found in axis")
KeyError: "['country_code'] not found in axis"
[2025-05-18T11:28:40.276+0000] {taskinstance.py:1138} INFO - Marking task as FAILED. dag_id=etl_dimensional_model, task_id=merge_data, execution_date=20250518T112832, start_date=20250518T112839, end_date=20250518T112840
[2025-05-18T11:28:40.286+0000] {standard_task_runner.py:107} ERROR - Failed to execute job 6 for task merge_data ("['country_code'] not found in axis"; 227)
[2025-05-18T11:28:40.303+0000] {local_task_job_runner.py:234} INFO - Task exited with return code 1
[2025-05-18T11:28:40.322+0000] {taskinstance.py:3281} INFO - 0 downstream tasks scheduled from follow-on schedule check
